Virtual User Script started at: 06.02.2024 10:23:41	[MsgId: MMSG-15967]
Virtual User Script started at: 06.02.2024 10:23:41	[MsgId: MMSG-15967]
Starting action vuser_init.	[MsgId: MMSG-15919]
Web Turbo Replay of LoadRunner 2020.0.0 for Windows 10; build 793 (ноя 27 2019 19:51:20)  	[MsgId: MMSG-26983]
Starting action vuser_init.	[MsgId: MMSG-15919]
Run mode: HTML  	[MsgId: MMSG-26993]
Replay user agent: Mozilla/5.0 (Windows NT 10.0; Win64; x64) AppleWebKit/537.36 (KHTML, like Gecko) Notion/3.1.1 Chrome/120.0.6099.56 Electron/28.0.0 Safari/537.36  	[MsgId: MMSG-26988]
Web Turbo Replay of LoadRunner 2020.0.0 for Windows 10; build 793 (ноя 27 2019 19:51:20)  	[MsgId: MMSG-26983]
Virtual User Script started at: 06.02.2024 10:23:41	[MsgId: MMSG-15967]
Run mode: HTML  	[MsgId: MMSG-26993]
Runtime Settings file: "C:\Users\HUAWEI\AppData\Local\Temp\lr5tmpdir8Ut.870\lrcfgXDK.871\cfgkvk.878"  	[MsgId: MMSG-27141]
Replay user agent: Mozilla/5.0 (Windows NT 10.0; Win64; x64) AppleWebKit/537.36 (KHTML, like Gecko) Notion/3.1.1 Chrome/120.0.6099.56 Electron/28.0.0 Safari/537.36  	[MsgId: MMSG-26988]
Runtime Settings file: "C:\Users\HUAWEI\AppData\Local\Temp\lr5tmpdir8Ut.870\lrcfgXDK.871\cfgkvk.878"  	[MsgId: MMSG-27141]
Vuser directory: "C:\Users\HUAWEI\Documents\LoadRunner_WebTours\Scripts\UC_02_buy_ticket"  	[MsgId: MMSG-27052]
Vuser directory: "C:\Users\HUAWEI\Documents\LoadRunner_WebTours\Scripts\UC_02_buy_ticket"  	[MsgId: MMSG-27052]
Vuser output directory: "C:\Users\HUAWEI\Documents\LoadRunner_WebTours\Scripts\UC_02_buy_ticket"  	[MsgId: MMSG-27050]
Starting action vuser_init.	[MsgId: MMSG-15919]
Vuser output directory: "C:\Users\HUAWEI\Documents\LoadRunner_WebTours\Scripts\UC_02_buy_ticket"  	[MsgId: MMSG-27050]
Operating system's current working directory: "C:\Users\HUAWEI\Documents\LoadRunner_WebTours\Scripts\UC_02_buy_ticket"  	[MsgId: MMSG-27048]
Operating system's current working directory: "C:\Users\HUAWEI\Documents\LoadRunner_WebTours\Scripts\UC_02_buy_ticket"  	[MsgId: MMSG-27048]
UTC (GMT) start date/time   : 2024-02-06 07:23:41  	[MsgId: MMSG-26992]
UTC (GMT) start date/time   : 2024-02-06 07:23:41  	[MsgId: MMSG-26992]
LOCAL start date/time       : 2024-02-06 10:23:41  	[MsgId: MMSG-26991]
Web Turbo Replay of LoadRunner 2020.0.0 for Windows 10; build 793 (ноя 27 2019 19:51:20)  	[MsgId: MMSG-26983]
LOCAL start date/time       : 2024-02-06 10:23:41  	[MsgId: MMSG-26991]
Local daylight-Savings-Time : No  	[MsgId: MMSG-26990]
Local daylight-Savings-Time : No  	[MsgId: MMSG-26990]
Some of the Runtime Settings:  	[MsgId: MMSG-27142]
Virtual User Script started at: 06.02.2024 10:23:41	[MsgId: MMSG-15967]
Run mode: HTML  	[MsgId: MMSG-26993]
Some of the Runtime Settings:  	[MsgId: MMSG-27142]
    Download non-HTML resources: Yes  	[MsgId: MMSG-27018]
    Download non-HTML resources: Yes  	[MsgId: MMSG-27018]
    Verification checks: No  	[MsgId: MMSG-27017]
Replay user agent: Mozilla/5.0 (Windows NT 10.0; Win64; x64) AppleWebKit/537.36 (KHTML, like Gecko) Notion/3.1.1 Chrome/120.0.6099.56 Electron/28.0.0 Safari/537.36  	[MsgId: MMSG-26988]
    Verification checks: No  	[MsgId: MMSG-27017]
    Convert from/to UTF-8: No  	[MsgId: MMSG-27016]
Runtime Settings file: "C:\Users\HUAWEI\AppData\Local\Temp\lr5tmpdir8Ut.870\lrcfgXDK.871\cfgkvk.878"  	[MsgId: MMSG-27141]
    Simulate a new user each iteration: Yes  	[MsgId: MMSG-27009]
    Convert from/to UTF-8: No  	[MsgId: MMSG-27016]
    Non-critical item errors as warnings: Yes  	[MsgId: MMSG-27008]
Vuser directory: "C:\Users\HUAWEI\Documents\LoadRunner_WebTours\Scripts\UC_02_buy_ticket"  	[MsgId: MMSG-27052]
    Simulate a new user each iteration: Yes  	[MsgId: MMSG-27009]
    HTTP errors as warnings: No  	[MsgId: MMSG-27007]
    WinInet replay instead of Sockets: No  	[MsgId: MMSG-27006]
    Non-critical item errors as warnings: Yes  	[MsgId: MMSG-27008]
    HTTP version: 1.1  	[MsgId: MMSG-27005]
    HTTP errors as warnings: No  	[MsgId: MMSG-27007]
    Keep-Alive HTTP connections: Yes  	[MsgId: MMSG-27004]
    Max self Meta refresh updates: 2  	[MsgId: MMSG-27003]
    No proxy is used (direct connection to the Internet)  	[MsgId: MMSG-27171]
    WinInet replay instead of Sockets: No  	[MsgId: MMSG-27006]
    DNS caching: Yes  	[MsgId: MMSG-27035]
Vuser output directory: "C:\Users\HUAWEI\Documents\LoadRunner_WebTours\Scripts\UC_02_buy_ticket"  	[MsgId: MMSG-27050]
    Simulate browser cache: Yes  	[MsgId: MMSG-27034]
    HTTP version: 1.1  	[MsgId: MMSG-27005]
Operating system's current working directory: "C:\Users\HUAWEI\Documents\LoadRunner_WebTours\Scripts\UC_02_buy_ticket"  	[MsgId: MMSG-27048]
        Cache URLs requiring content (e.g., HTMLs): Yes  	[MsgId: MMSG-27033]
Starting action vuser_init.	[MsgId: MMSG-15919]
    Keep-Alive HTTP connections: Yes  	[MsgId: MMSG-27004]
            Additional URLs requiring content: None  	[MsgId: MMSG-27032]
UTC (GMT) start date/time   : 2024-02-06 07:23:41  	[MsgId: MMSG-26992]
    Max self Meta refresh updates: 2  	[MsgId: MMSG-27003]
        Check for newer versions every visit to the page: No  	[MsgId: MMSG-27031]
    No proxy is used (direct connection to the Internet)  	[MsgId: MMSG-27171]
    Page download timeout (sec): 120  	[MsgId: MMSG-27030]
LOCAL start date/time       : 2024-02-06 10:23:41  	[MsgId: MMSG-26991]
    DNS caching: Yes  	[MsgId: MMSG-27035]
    Resource Page Timeout is a Warning: No  	[MsgId: MMSG-27029]
Web Turbo Replay of LoadRunner 2020.0.0 for Windows 10; build 793 (ноя 27 2019 19:51:20)  	[MsgId: MMSG-26983]
Local daylight-Savings-Time : No  	[MsgId: MMSG-26990]
    Simulate browser cache: Yes  	[MsgId: MMSG-27034]
    ContentCheck enabled: Yes  	[MsgId: MMSG-27028]
        Cache URLs requiring content (e.g., HTMLs): Yes  	[MsgId: MMSG-27033]
Some of the Runtime Settings:  	[MsgId: MMSG-27142]
Run mode: HTML  	[MsgId: MMSG-26993]
    ContentCheck script-level file: "C:\Users\HUAWEI\AppData\Local\Temp\lr5tmpdir8Ut.870\lrcfgXDK.871\LrwiAedScript.xml"  	[MsgId: MMSG-27027]
            Additional URLs requiring content: None  	[MsgId: MMSG-27032]
    Download non-HTML resources: Yes  	[MsgId: MMSG-27018]
    Enable Web Page Breakdown: No  	[MsgId: MMSG-27026]
        Check for newer versions every visit to the page: No  	[MsgId: MMSG-27031]
Replay user agent: Mozilla/5.0 (Windows NT 10.0; Win64; x64) AppleWebKit/537.36 (KHTML, like Gecko) Notion/3.1.1 Chrome/120.0.6099.56 Electron/28.0.0 Safari/537.36  	[MsgId: MMSG-26988]
    Enable connection data points: Yes  	[MsgId: MMSG-27023]
    Verification checks: No  	[MsgId: MMSG-27017]
    Page download timeout (sec): 120  	[MsgId: MMSG-27030]
    Process socket after reschedule: Yes  	[MsgId: MMSG-27022]
Runtime Settings file: "C:\Users\HUAWEI\AppData\Local\Temp\lr5tmpdir8Ut.870\lrcfgXDK.871\cfgkvk.878"  	[MsgId: MMSG-27141]
    Resource Page Timeout is a Warning: No  	[MsgId: MMSG-27029]
    Convert from/to UTF-8: No  	[MsgId: MMSG-27016]
    Snapshot on error: No  	[MsgId: MMSG-27021]
    ContentCheck enabled: Yes  	[MsgId: MMSG-27028]
    Define each step as a transaction: No  	[MsgId: MMSG-27020]
Vuser directory: "C:\Users\HUAWEI\Documents\LoadRunner_WebTours\Scripts\UC_02_buy_ticket"  	[MsgId: MMSG-27052]
    Simulate a new user each iteration: Yes  	[MsgId: MMSG-27009]
    ContentCheck script-level file: "C:\Users\HUAWEI\AppData\Local\Temp\lr5tmpdir8Ut.870\lrcfgXDK.871\LrwiAedScript.xml"  	[MsgId: MMSG-27027]
    Read beyond Content-Length: No  	[MsgId: MMSG-26994]
    Enable Web Page Breakdown: Yes  	[MsgId: MMSG-27026]
    Non-critical item errors as warnings: Yes  	[MsgId: MMSG-27008]
    Parse HTML Content-Type: TEXT  	[MsgId: MMSG-26999]
    Enable connection data points: Yes  	[MsgId: MMSG-27023]
    Graph hits per second and HTTP status codes: Yes  	[MsgId: MMSG-26998]
    HTTP errors as warnings: No  	[MsgId: MMSG-27007]
    Process socket after reschedule: Yes  	[MsgId: MMSG-27022]
    Graph response bytes per second: Yes  	[MsgId: MMSG-26997]
    Snapshot on error: No  	[MsgId: MMSG-27021]
    WinInet replay instead of Sockets: No  	[MsgId: MMSG-27006]
    Graph pages per second: No  	[MsgId: MMSG-26996]
    HTTP version: 1.1  	[MsgId: MMSG-27005]
Vuser output directory: "C:\Users\HUAWEI\Documents\LoadRunner_WebTours\Scripts\UC_02_buy_ticket"  	[MsgId: MMSG-27050]
    Define each step as a transaction: No  	[MsgId: MMSG-27020]
    Web recorder version ID: 10  	[MsgId: MMSG-26995]
Operating system's current working directory: "C:\Users\HUAWEI\Documents\LoadRunner_WebTours\Scripts\UC_02_buy_ticket"  	[MsgId: MMSG-27048]
    Keep-Alive HTTP connections: Yes  	[MsgId: MMSG-27004]
    Read beyond Content-Length: No  	[MsgId: MMSG-26994]
UTC (GMT) start date/time   : 2024-02-06 07:23:41  	[MsgId: MMSG-26992]
    Max self Meta refresh updates: 2  	[MsgId: MMSG-27003]
    Parse HTML Content-Type: TEXT  	[MsgId: MMSG-26999]
LOCAL start date/time       : 2024-02-06 10:23:41  	[MsgId: MMSG-26991]
    No proxy is used (direct connection to the Internet)  	[MsgId: MMSG-27171]
    Graph hits per second and HTTP status codes: Yes  	[MsgId: MMSG-26998]
Local daylight-Savings-Time : No  	[MsgId: MMSG-26990]
    Graph response bytes per second: Yes  	[MsgId: MMSG-26997]
Some of the Runtime Settings:  	[MsgId: MMSG-27142]
    DNS caching: Yes  	[MsgId: MMSG-27035]
    Graph pages per second: No  	[MsgId: MMSG-26996]
    Download non-HTML resources: Yes  	[MsgId: MMSG-27018]
    Simulate browser cache: Yes  	[MsgId: MMSG-27034]
    Web recorder version ID: 10  	[MsgId: MMSG-26995]
    Verification checks: No  	[MsgId: MMSG-27017]
    Convert from/to UTF-8: No  	[MsgId: MMSG-27016]
        Cache URLs requiring content (e.g., HTMLs): Yes  	[MsgId: MMSG-27033]
    Simulate a new user each iteration: Yes  	[MsgId: MMSG-27009]
            Additional URLs requiring content: None  	[MsgId: MMSG-27032]
    Non-critical item errors as warnings: Yes  	[MsgId: MMSG-27008]
    HTTP errors as warnings: No  	[MsgId: MMSG-27007]
        Check for newer versions every visit to the page: No  	[MsgId: MMSG-27031]
    WinInet replay instead of Sockets: No  	[MsgId: MMSG-27006]
    Page download timeout (sec): 120  	[MsgId: MMSG-27030]
    HTTP version: 1.1  	[MsgId: MMSG-27005]
    Keep-Alive HTTP connections: Yes  	[MsgId: MMSG-27004]
    Resource Page Timeout is a Warning: No  	[MsgId: MMSG-27029]
    Max self Meta refresh updates: 2  	[MsgId: MMSG-27003]
    ContentCheck enabled: Yes  	[MsgId: MMSG-27028]
    No proxy is used (direct connection to the Internet)  	[MsgId: MMSG-27171]
    DNS caching: Yes  	[MsgId: MMSG-27035]
    Simulate browser cache: Yes  	[MsgId: MMSG-27034]
    ContentCheck script-level file: "C:\Users\HUAWEI\AppData\Local\Temp\lr5tmpdir8Ut.870\lrcfgXDK.871\LrwiAedScript.xml"  	[MsgId: MMSG-27027]
        Cache URLs requiring content (e.g., HTMLs): Yes  	[MsgId: MMSG-27033]
    Enable Web Page Breakdown: No  	[MsgId: MMSG-27026]
    Enable connection data points: Yes  	[MsgId: MMSG-27023]
            Additional URLs requiring content: None  	[MsgId: MMSG-27032]
    Process socket after reschedule: Yes  	[MsgId: MMSG-27022]
        Check for newer versions every visit to the page: No  	[MsgId: MMSG-27031]
    Snapshot on error: No  	[MsgId: MMSG-27021]
    Page download timeout (sec): 120  	[MsgId: MMSG-27030]
    Define each step as a transaction: No  	[MsgId: MMSG-27020]
    Resource Page Timeout is a Warning: No  	[MsgId: MMSG-27029]
    Read beyond Content-Length: No  	[MsgId: MMSG-26994]
    ContentCheck enabled: Yes  	[MsgId: MMSG-27028]
    Parse HTML Content-Type: TEXT  	[MsgId: MMSG-26999]
    ContentCheck script-level file: "C:\Users\HUAWEI\AppData\Local\Temp\lr5tmpdir8Ut.870\lrcfgXDK.871\LrwiAedScript.xml"  	[MsgId: MMSG-27027]
    Graph hits per second and HTTP status codes: Yes  	[MsgId: MMSG-26998]
Ending action vuser_init.	[MsgId: MMSG-15918]
    Graph response bytes per second: Yes  	[MsgId: MMSG-26997]
Running Vuser...	[MsgId: MMSG-15964]
    Graph pages per second: No  	[MsgId: MMSG-26996]
    Enable Web Page Breakdown: No  	[MsgId: MMSG-27026]
    Web recorder version ID: 10  	[MsgId: MMSG-26995]
Ending action vuser_init.	[MsgId: MMSG-15918]
    Enable connection data points: Yes  	[MsgId: MMSG-27023]
Running Vuser...	[MsgId: MMSG-15964]
    Process socket after reschedule: Yes  	[MsgId: MMSG-27022]
    Snapshot on error: No  	[MsgId: MMSG-27021]
    Define each step as a transaction: No  	[MsgId: MMSG-27020]
    Read beyond Content-Length: No  	[MsgId: MMSG-26994]
    Parse HTML Content-Type: TEXT  	[MsgId: MMSG-26999]
    Graph hits per second and HTTP status codes: Yes  	[MsgId: MMSG-26998]
    Graph response bytes per second: Yes  	[MsgId: MMSG-26997]
    Graph pages per second: No  	[MsgId: MMSG-26996]
    Web recorder version ID: 10  	[MsgId: MMSG-26995]
Ending action vuser_init.	[MsgId: MMSG-15918]
Running Vuser...	[MsgId: MMSG-15964]
Ending action vuser_init.	[MsgId: MMSG-15918]
Running Vuser...	[MsgId: MMSG-15964]
Starting iteration 1.	[MsgId: MMSG-15968]
Maximum number of concurrent connections per server: 6  	[MsgId: MMSG-26989]
Starting action Action.	[MsgId: MMSG-15919]
Action.c(3): Notify: Transaction "UC_02_buy_ticket" started.	[MsgId: MMSG-16999]
Action.c(6): Notify: Transaction "open_main_page" started.	[MsgId: MMSG-16999]
Action.c(8): web_add_auto_header("Sec-Fetch-Dest") started  	[MsgId: MMSG-26355]
Action.c(8): An unrecognized header ("Sec-Fetch-Dest") is being added  	[MsgId: MMSG-26595]
Action.c(8): "Sec-Fetch-Dest: frame" header registered for adding to requests from all following Action functions  	[MsgId: MMSG-26505]
Action.c(8): web_add_auto_header("Sec-Fetch-Dest") was successful  	[MsgId: MMSG-26392]
Action.c(11): web_add_auto_header("Sec-Fetch-Mode") started  	[MsgId: MMSG-26355]
Action.c(11): An unrecognized header ("Sec-Fetch-Mode") is being added  	[MsgId: MMSG-26595]
Action.c(11): "Sec-Fetch-Mode: navigate" header registered for adding to requests from all following Action functions  	[MsgId: MMSG-26505]
Action.c(11): web_add_auto_header("Sec-Fetch-Mode") was successful  	[MsgId: MMSG-26392]
Action.c(14): web_add_auto_header("Sec-Fetch-Site") started  	[MsgId: MMSG-26355]
Action.c(14): An unrecognized header ("Sec-Fetch-Site") is being added  	[MsgId: MMSG-26595]
Action.c(14): "Sec-Fetch-Site: same-origin" header registered for adding to requests from all following Action functions  	[MsgId: MMSG-26505]
Action.c(14): web_add_auto_header("Sec-Fetch-Site") was successful  	[MsgId: MMSG-26392]
Action.c(17): web_add_auto_header("Upgrade-Insecure-Requests") started  	[MsgId: MMSG-26355]
Action.c(17): An unrecognized header ("Upgrade-Insecure-Requests") is being added  	[MsgId: MMSG-26595]
Action.c(17): "Upgrade-Insecure-Requests: 1" header registered for adding to requests from all following Action functions  	[MsgId: MMSG-26505]
Action.c(17): web_add_auto_header("Upgrade-Insecure-Requests") was successful  	[MsgId: MMSG-26392]
Action.c(21): web_reg_save_param_regexp started  	[MsgId: MMSG-26355]
Action.c(21): Registering web_reg_save_param_regexp was successful  	[MsgId: MMSG-26390]
Action.c(30): web_reg_save_param started  	[MsgId: MMSG-26355]
Action.c(30): Registering web_reg_save_param was successful  	[MsgId: MMSG-26390]
Action.c(35): web_reg_find started  	[MsgId: MMSG-26355]
Action.c(35): Registering web_reg_find was successful  	[MsgId: MMSG-26390]
Action.c(36): web_url("welcome.pl") started  	[MsgId: MMSG-26355]
Action.c(36): t=8907ms: Connecting [0] to host 127.0.0.1:8090  	[MsgId: MMSG-26000]
Action.c(36): Error -27792: Failed to connect to server "127.0.0.1:8090": [10061] Connection refused  	[MsgId: MERR-27792]
Action.c(36): t=10947ms: Closed connection [0] to 127.0.0.1:8090 after completing 0 request(s)  	[MsgId: MMSG-26000]
Action.c(36): Search registration for "userSession" parameter is filtered by "Request URL"  	[MsgId: MMSG-26000]
Action.c(36): Notify: Saving Parameter "userSession = ".	[MsgId: MMSG-13798]
Action.c(36): Error -35049: No match found for the requested parameter "userSession". Check whether the requested regular expression exists in the response data  	[MsgId: MERR-35049]
Action.c(36): Error -26377: No match found for the requested parameter "SID". Either the specified boundaries were not found in the response or the matched text is longer than current max html parameter size of 256 bytes. The total length of the response is 0 bytes. You can use "web_set_max_html_param_len" to increase the max parameter size.  	[MsgId: MERR-26377]
Action.c(36): Notify: Saving Parameter "SID = ".	[MsgId: MMSG-13798]
Action.c(36): Error -26366: "Text=<title>Web Tours Navigation Bar</title>" not found for web_reg_find  	[MsgId: MERR-26366]
Action.c(36): Error -26374: The above "not found" error(s) may be explained by header and body byte counts being 0 and 0, respectively.  	[MsgId: MERR-26374]
Action.c(36): web_url("welcome.pl") highest severity level was "ERROR", 0 body bytes, 0 header bytes  	[MsgId: MMSG-26388]
Action.c(36): Notify: Transaction "open_main_page" ended with a "Fail" status (Duration: 2,0443 Wasted Time: 0,0004).	[MsgId: MMSG-16871]
Action.c(36): Notify: Transaction "open_main_page" has 4 error message(s).	[MsgId: MMSG-16818]
Action.c(36): Notify: The 1st error message associated with transaction "open_main_page" is "Error -27792: Failed to connect to server "127.0.0.1:8090": [10061] Connection refused"	[MsgId: MMSG-16819]
Action.c(36): Notify: The 2nd error message associated with transaction "open_main_page" is "Error -26377: No match found for the requested parameter "SID". Either the specified boundaries were not found in the response or the matched text is longer than current max html parameter size of 256 bytes. The total length of the response is 0 bytes. You can use "web_set_max_html_param_len" to increase the max parameter size."	[MsgId: MMSG-16819]
Action.c(36): Notify: The 3rd error message associated with transaction "open_main_page" is "Error -26366: "Text=<title>Web Tours Navigation Bar</title>" not found for web_reg_find"	[MsgId: MMSG-16819]
Action.c(36): Notify: The 4th error message associated with transaction "open_main_page" is "Error -26374: The above "not found" error(s) may be explained by header and body byte counts being 0 and 0, respectively."	[MsgId: MMSG-16819]
Action.c(36): Notify: Transaction "UC_02_buy_ticket" ended with a "Fail" status (Duration: 2,0445 Wasted Time: 0,0004).	[MsgId: MMSG-16871]
Action.c(36): Notify: Transaction "UC_02_buy_ticket" has 4 error message(s).	[MsgId: MMSG-16818]
Action.c(36): Notify: The 1st error message associated with transaction "UC_02_buy_ticket" is "Error -27792: Failed to connect to server "127.0.0.1:8090": [10061] Connection refused"	[MsgId: MMSG-16819]
Action.c(36): Notify: The 2nd error message associated with transaction "UC_02_buy_ticket" is "Error -26377: No match found for the requested parameter "SID". Either the specified boundaries were not found in the response or the matched text is longer than current max html parameter size of 256 bytes. The total length of the response is 0 bytes. You can use "web_set_max_html_param_len" to increase the max parameter size."	[MsgId: MMSG-16819]
Action.c(36): Notify: The 3rd error message associated with transaction "UC_02_buy_ticket" is "Error -26366: "Text=<title>Web Tours Navigation Bar</title>" not found for web_reg_find"	[MsgId: MMSG-16819]
Action.c(36): Notify: The 4th error message associated with transaction "UC_02_buy_ticket" is "Error -26374: The above "not found" error(s) may be explained by header and body byte counts being 0 and 0, respectively."	[MsgId: MMSG-16819]
Ending action Action.	[MsgId: MMSG-15918]
Ending iteration 1.	[MsgId: MMSG-15965]
Waiting 17,9550 seconds for iteration pacing.	[MsgId: MMSG-15996]
Starting iteration 2.	[MsgId: MMSG-15968]
Action.c(36): Resetting all proxy auto-configuration information  	[MsgId: MMSG-26000]
Notify: Next row for parameter firstName = 2 [table  = firstName].	[MsgId: MMSG-13876]
Notify: Getting new value for parameter 'firstName': table = '..\data_pool\users.dat' column = '2' row = '2'.	[MsgId: MMSG-13877]
Notify: Next row for parameter address1 = 2 [table  = address1].	[MsgId: MMSG-13876]
Notify: Getting new value for parameter 'address1': table = '..\data_pool\users.dat' column = '4' row = '2'.	[MsgId: MMSG-13877]
Notify: Next row for parameter creditCard = 2 [table  = creditCard].	[MsgId: MMSG-13876]
Notify: Getting new value for parameter 'creditCard': table = '..\data_pool\users.dat' column = '6' row = '2'.	[MsgId: MMSG-13877]
Notify: Next row for parameter address2 = 2 [table  = address2].	[MsgId: MMSG-13876]
Notify: Getting new value for parameter 'address2': table = '..\data_pool\users.dat' column = '5' row = '2'.	[MsgId: MMSG-13877]
Notify: Next row for parameter seatPref = 2 [table  = seatPref].	[MsgId: MMSG-13876]
Notify: Getting new value for parameter 'seatPref': table = '..\data_pool\seat_pref.dat' column = '0' row = '2'.	[MsgId: MMSG-13877]
Notify: Next row for parameter expDate = 2 [table  = expDate].	[MsgId: MMSG-13876]
Notify: Getting new value for parameter 'expDate': table = '..\data_pool\users.dat' column = '7' row = '2'.	[MsgId: MMSG-13877]
Notify: Next row for parameter seatType = 3 [table  = seatType].	[MsgId: MMSG-13876]
Notify: Getting new value for parameter 'seatType': table = '..\data_pool\seat_type.dat' column = '0' row = '3'.	[MsgId: MMSG-13877]
Notify: Next row for parameter login = 2 [table  = login].	[MsgId: MMSG-13876]
Notify: Getting new value for parameter 'login': table = '..\data_pool\users.dat' column = '0' row = '2'.	[MsgId: MMSG-13877]
Notify: Next row for parameter password = 2 [table  = password].	[MsgId: MMSG-13876]
Notify: Getting new value for parameter 'password': table = '..\data_pool\users.dat' column = '1' row = '2'.	[MsgId: MMSG-13877]
Notify: Next row for parameter lastName = 2 [table  = lastName].	[MsgId: MMSG-13876]
Notify: Getting new value for parameter 'lastName': table = '..\data_pool\users.dat' column = '3' row = '2'.	[MsgId: MMSG-13877]
Starting action Action.	[MsgId: MMSG-15919]
Action.c(3): Notify: Transaction "UC_02_buy_ticket" started.	[MsgId: MMSG-16999]
Action.c(6): Notify: Transaction "open_main_page" started.	[MsgId: MMSG-16999]
Action.c(8): web_add_auto_header("Sec-Fetch-Dest") started  	[MsgId: MMSG-26355]
Action.c(8): An unrecognized header ("Sec-Fetch-Dest") is being added  	[MsgId: MMSG-26595]
Action.c(8): "Sec-Fetch-Dest: frame" header registered for adding to requests from all following Action functions  	[MsgId: MMSG-26505]
Action.c(8): web_add_auto_header("Sec-Fetch-Dest") was successful  	[MsgId: MMSG-26392]
Action.c(11): web_add_auto_header("Sec-Fetch-Mode") started  	[MsgId: MMSG-26355]
Action.c(11): An unrecognized header ("Sec-Fetch-Mode") is being added  	[MsgId: MMSG-26595]
Action.c(11): "Sec-Fetch-Mode: navigate" header registered for adding to requests from all following Action functions  	[MsgId: MMSG-26505]
Action.c(11): web_add_auto_header("Sec-Fetch-Mode") was successful  	[MsgId: MMSG-26392]
Action.c(14): web_add_auto_header("Sec-Fetch-Site") started  	[MsgId: MMSG-26355]
Action.c(14): An unrecognized header ("Sec-Fetch-Site") is being added  	[MsgId: MMSG-26595]
Action.c(14): "Sec-Fetch-Site: same-origin" header registered for adding to requests from all following Action functions  	[MsgId: MMSG-26505]
Action.c(14): web_add_auto_header("Sec-Fetch-Site") was successful  	[MsgId: MMSG-26392]
Action.c(17): web_add_auto_header("Upgrade-Insecure-Requests") started  	[MsgId: MMSG-26355]
Action.c(17): An unrecognized header ("Upgrade-Insecure-Requests") is being added  	[MsgId: MMSG-26595]
Action.c(17): "Upgrade-Insecure-Requests: 1" header registered for adding to requests from all following Action functions  	[MsgId: MMSG-26505]
Action.c(17): web_add_auto_header("Upgrade-Insecure-Requests") was successful  	[MsgId: MMSG-26392]
Action.c(21): web_reg_save_param_regexp started  	[MsgId: MMSG-26355]
Action.c(21): Registering web_reg_save_param_regexp was successful  	[MsgId: MMSG-26390]
Action.c(30): web_reg_save_param started  	[MsgId: MMSG-26355]
Action.c(30): Registering web_reg_save_param was successful  	[MsgId: MMSG-26390]
Action.c(35): web_reg_find started  	[MsgId: MMSG-26355]
Action.c(35): Registering web_reg_find was successful  	[MsgId: MMSG-26390]
Action.c(36): web_url("welcome.pl") started  	[MsgId: MMSG-26355]
Action.c(36): t=28919ms: Connecting [0] to host 127.0.0.1:8090  	[MsgId: MMSG-26000]
Action.c(36): Error -27792: Failed to connect to server "127.0.0.1:8090": [10061] Connection refused  	[MsgId: MERR-27792]
Action.c(36): t=30967ms: Closed connection [0] to 127.0.0.1:8090 after completing 0 request(s)  	[MsgId: MMSG-26000]
Action.c(36): Search registration for "userSession" parameter is filtered by "Request URL"  	[MsgId: MMSG-26000]
Action.c(36): Notify: Saving Parameter "userSession = ".	[MsgId: MMSG-13798]
Action.c(36): Error -35049: No match found for the requested parameter "userSession". Check whether the requested regular expression exists in the response data  	[MsgId: MERR-35049]
Action.c(36): Error -26377: No match found for the requested parameter "SID". Either the specified boundaries were not found in the response or the matched text is longer than current max html parameter size of 256 bytes. The total length of the response is 0 bytes. You can use "web_set_max_html_param_len" to increase the max parameter size.  	[MsgId: MERR-26377]
Action.c(36): Notify: Saving Parameter "SID = ".	[MsgId: MMSG-13798]
Action.c(36): Error -26366: "Text=<title>Web Tours Navigation Bar</title>" not found for web_reg_find  	[MsgId: MERR-26366]
Action.c(36): Error -26374: The above "not found" error(s) may be explained by header and body byte counts being 0 and 0, respectively.  	[MsgId: MERR-26374]
Action.c(36): web_url("welcome.pl") highest severity level was "ERROR", 0 body bytes, 0 header bytes  	[MsgId: MMSG-26388]
Action.c(36): Notify: Transaction "open_main_page" ended with a "Fail" status (Duration: 2,0485 Wasted Time: 0,0001).	[MsgId: MMSG-16871]
Action.c(36): Notify: Transaction "open_main_page" has 4 error message(s).	[MsgId: MMSG-16818]
Action.c(36): Notify: The 1st error message associated with transaction "open_main_page" is "Error -27792: Failed to connect to server "127.0.0.1:8090": [10061] Connection refused"	[MsgId: MMSG-16819]
Action.c(36): Notify: The 2nd error message associated with transaction "open_main_page" is "Error -26377: No match found for the requested parameter "SID". Either the specified boundaries were not found in the response or the matched text is longer than current max html parameter size of 256 bytes. The total length of the response is 0 bytes. You can use "web_set_max_html_param_len" to increase the max parameter size."	[MsgId: MMSG-16819]
Action.c(36): Notify: The 3rd error message associated with transaction "open_main_page" is "Error -26366: "Text=<title>Web Tours Navigation Bar</title>" not found for web_reg_find"	[MsgId: MMSG-16819]
Action.c(36): Notify: The 4th error message associated with transaction "open_main_page" is "Error -26374: The above "not found" error(s) may be explained by header and body byte counts being 0 and 0, respectively."	[MsgId: MMSG-16819]
Action.c(36): Notify: Transaction "UC_02_buy_ticket" ended with a "Fail" status (Duration: 2,0485 Wasted Time: 0,0001).	[MsgId: MMSG-16871]
Action.c(36): Notify: Transaction "UC_02_buy_ticket" has 4 error message(s).	[MsgId: MMSG-16818]
Action.c(36): Notify: The 1st error message associated with transaction "UC_02_buy_ticket" is "Error -27792: Failed to connect to server "127.0.0.1:8090": [10061] Connection refused"	[MsgId: MMSG-16819]
Action.c(36): Notify: The 2nd error message associated with transaction "UC_02_buy_ticket" is "Error -26377: No match found for the requested parameter "SID". Either the specified boundaries were not found in the response or the matched text is longer than current max html parameter size of 256 bytes. The total length of the response is 0 bytes. You can use "web_set_max_html_param_len" to increase the max parameter size."	[MsgId: MMSG-16819]
Action.c(36): Notify: The 3rd error message associated with transaction "UC_02_buy_ticket" is "Error -26366: "Text=<title>Web Tours Navigation Bar</title>" not found for web_reg_find"	[MsgId: MMSG-16819]
Action.c(36): Notify: The 4th error message associated with transaction "UC_02_buy_ticket" is "Error -26374: The above "not found" error(s) may be explained by header and body byte counts being 0 and 0, respectively."	[MsgId: MMSG-16819]
Ending action Action.	[MsgId: MMSG-15918]
Ending iteration 2.	[MsgId: MMSG-15965]
Waiting 17,9500 seconds for iteration pacing.	[MsgId: MMSG-15996]
Starting iteration 3.	[MsgId: MMSG-15968]
Action.c(36): Resetting all proxy auto-configuration information  	[MsgId: MMSG-26000]
Notify: Next row for parameter firstName = 3 [table  = firstName].	[MsgId: MMSG-13876]
Notify: Getting new value for parameter 'firstName': table = '..\data_pool\users.dat' column = '2' row = '3'.	[MsgId: MMSG-13877]
Notify: Next row for parameter address1 = 3 [table  = address1].	[MsgId: MMSG-13876]
Notify: Getting new value for parameter 'address1': table = '..\data_pool\users.dat' column = '4' row = '3'.	[MsgId: MMSG-13877]
Notify: Next row for parameter creditCard = 3 [table  = creditCard].	[MsgId: MMSG-13876]
Notify: Getting new value for parameter 'creditCard': table = '..\data_pool\users.dat' column = '6' row = '3'.	[MsgId: MMSG-13877]
Notify: Next row for parameter address2 = 3 [table  = address2].	[MsgId: MMSG-13876]
Notify: Getting new value for parameter 'address2': table = '..\data_pool\users.dat' column = '5' row = '3'.	[MsgId: MMSG-13877]
Notify: Next row for parameter seatPref = 2 [table  = seatPref].	[MsgId: MMSG-13876]
Notify: Getting new value for parameter 'seatPref': table = '..\data_pool\seat_pref.dat' column = '0' row = '2'.	[MsgId: MMSG-13877]
Notify: Next row for parameter expDate = 3 [table  = expDate].	[MsgId: MMSG-13876]
Notify: Getting new value for parameter 'expDate': table = '..\data_pool\users.dat' column = '7' row = '3'.	[MsgId: MMSG-13877]
Notify: Next row for parameter seatType = 3 [table  = seatType].	[MsgId: MMSG-13876]
Notify: Getting new value for parameter 'seatType': table = '..\data_pool\seat_type.dat' column = '0' row = '3'.	[MsgId: MMSG-13877]
Notify: Next row for parameter login = 3 [table  = login].	[MsgId: MMSG-13876]
Notify: Getting new value for parameter 'login': table = '..\data_pool\users.dat' column = '0' row = '3'.	[MsgId: MMSG-13877]
Notify: Next row for parameter password = 3 [table  = password].	[MsgId: MMSG-13876]
Notify: Getting new value for parameter 'password': table = '..\data_pool\users.dat' column = '1' row = '3'.	[MsgId: MMSG-13877]
Notify: Next row for parameter lastName = 3 [table  = lastName].	[MsgId: MMSG-13876]
Notify: Getting new value for parameter 'lastName': table = '..\data_pool\users.dat' column = '3' row = '3'.	[MsgId: MMSG-13877]
Starting action Action.	[MsgId: MMSG-15919]
Action.c(3): Notify: Transaction "UC_02_buy_ticket" started.	[MsgId: MMSG-16999]
Action.c(6): Notify: Transaction "open_main_page" started.	[MsgId: MMSG-16999]
Action.c(8): web_add_auto_header("Sec-Fetch-Dest") started  	[MsgId: MMSG-26355]
Action.c(8): An unrecognized header ("Sec-Fetch-Dest") is being added  	[MsgId: MMSG-26595]
Action.c(8): "Sec-Fetch-Dest: frame" header registered for adding to requests from all following Action functions  	[MsgId: MMSG-26505]
Action.c(8): web_add_auto_header("Sec-Fetch-Dest") was successful  	[MsgId: MMSG-26392]
Action.c(11): web_add_auto_header("Sec-Fetch-Mode") started  	[MsgId: MMSG-26355]
Action.c(11): An unrecognized header ("Sec-Fetch-Mode") is being added  	[MsgId: MMSG-26595]
Action.c(11): "Sec-Fetch-Mode: navigate" header registered for adding to requests from all following Action functions  	[MsgId: MMSG-26505]
Action.c(11): web_add_auto_header("Sec-Fetch-Mode") was successful  	[MsgId: MMSG-26392]
Action.c(14): web_add_auto_header("Sec-Fetch-Site") started  	[MsgId: MMSG-26355]
Action.c(14): An unrecognized header ("Sec-Fetch-Site") is being added  	[MsgId: MMSG-26595]
Action.c(14): "Sec-Fetch-Site: same-origin" header registered for adding to requests from all following Action functions  	[MsgId: MMSG-26505]
Action.c(14): web_add_auto_header("Sec-Fetch-Site") was successful  	[MsgId: MMSG-26392]
Action.c(17): web_add_auto_header("Upgrade-Insecure-Requests") started  	[MsgId: MMSG-26355]
Action.c(17): An unrecognized header ("Upgrade-Insecure-Requests") is being added  	[MsgId: MMSG-26595]
Action.c(17): "Upgrade-Insecure-Requests: 1" header registered for adding to requests from all following Action functions  	[MsgId: MMSG-26505]
Action.c(17): web_add_auto_header("Upgrade-Insecure-Requests") was successful  	[MsgId: MMSG-26392]
Action.c(21): web_reg_save_param_regexp started  	[MsgId: MMSG-26355]
Action.c(21): Registering web_reg_save_param_regexp was successful  	[MsgId: MMSG-26390]
Action.c(30): web_reg_save_param started  	[MsgId: MMSG-26355]
Action.c(30): Registering web_reg_save_param was successful  	[MsgId: MMSG-26390]
Action.c(35): web_reg_find started  	[MsgId: MMSG-26355]
Action.c(35): Registering web_reg_find was successful  	[MsgId: MMSG-26390]
Action.c(36): web_url("welcome.pl") started  	[MsgId: MMSG-26355]
Action.c(36): t=48934ms: Connecting [0] to host 127.0.0.1:8090  	[MsgId: MMSG-26000]
Action.c(36): Error -27792: Failed to connect to server "127.0.0.1:8090": [10061] Connection refused  	[MsgId: MERR-27792]
Action.c(36): t=50968ms: Closed connection [0] to 127.0.0.1:8090 after completing 0 request(s)  	[MsgId: MMSG-26000]
Action.c(36): Search registration for "userSession" parameter is filtered by "Request URL"  	[MsgId: MMSG-26000]
Action.c(36): Notify: Saving Parameter "userSession = ".	[MsgId: MMSG-13798]
Action.c(36): Error -35049: No match found for the requested parameter "userSession". Check whether the requested regular expression exists in the response data  	[MsgId: MERR-35049]
Action.c(36): Error -26377: No match found for the requested parameter "SID". Either the specified boundaries were not found in the response or the matched text is longer than current max html parameter size of 256 bytes. The total length of the response is 0 bytes. You can use "web_set_max_html_param_len" to increase the max parameter size.  	[MsgId: MERR-26377]
Action.c(36): Notify: Saving Parameter "SID = ".	[MsgId: MMSG-13798]
Action.c(36): Error -26366: "Text=<title>Web Tours Navigation Bar</title>" not found for web_reg_find  	[MsgId: MERR-26366]
Action.c(36): Error -26374: The above "not found" error(s) may be explained by header and body byte counts being 0 and 0, respectively.  	[MsgId: MERR-26374]
Action.c(36): web_url("welcome.pl") highest severity level was "ERROR", 0 body bytes, 0 header bytes  	[MsgId: MMSG-26388]
Action.c(36): Notify: Transaction "open_main_page" ended with a "Fail" status (Duration: 2,0362 Wasted Time: 0,0002).	[MsgId: MMSG-16871]
Action.c(36): Notify: Transaction "open_main_page" has 4 error message(s).	[MsgId: MMSG-16818]
Action.c(36): Notify: The 1st error message associated with transaction "open_main_page" is "Error -27792: Failed to connect to server "127.0.0.1:8090": [10061] Connection refused"	[MsgId: MMSG-16819]
Action.c(36): Notify: The 2nd error message associated with transaction "open_main_page" is "Error -26377: No match found for the requested parameter "SID". Either the specified boundaries were not found in the response or the matched text is longer than current max html parameter size of 256 bytes. The total length of the response is 0 bytes. You can use "web_set_max_html_param_len" to increase the max parameter size."	[MsgId: MMSG-16819]
Action.c(36): Notify: The 3rd error message associated with transaction "open_main_page" is "Error -26366: "Text=<title>Web Tours Navigation Bar</title>" not found for web_reg_find"	[MsgId: MMSG-16819]
Action.c(36): Notify: The 4th error message associated with transaction "open_main_page" is "Error -26374: The above "not found" error(s) may be explained by header and body byte counts being 0 and 0, respectively."	[MsgId: MMSG-16819]
Action.c(36): Notify: Transaction "UC_02_buy_ticket" ended with a "Fail" status (Duration: 2,0363 Wasted Time: 0,0002).	[MsgId: MMSG-16871]
Action.c(36): Notify: Transaction "UC_02_buy_ticket" has 4 error message(s).	[MsgId: MMSG-16818]
Action.c(36): Notify: The 1st error message associated with transaction "UC_02_buy_ticket" is "Error -27792: Failed to connect to server "127.0.0.1:8090": [10061] Connection refused"	[MsgId: MMSG-16819]
Action.c(36): Notify: The 2nd error message associated with transaction "UC_02_buy_ticket" is "Error -26377: No match found for the requested parameter "SID". Either the specified boundaries were not found in the response or the matched text is longer than current max html parameter size of 256 bytes. The total length of the response is 0 bytes. You can use "web_set_max_html_param_len" to increase the max parameter size."	[MsgId: MMSG-16819]
Action.c(36): Notify: The 3rd error message associated with transaction "UC_02_buy_ticket" is "Error -26366: "Text=<title>Web Tours Navigation Bar</title>" not found for web_reg_find"	[MsgId: MMSG-16819]
Action.c(36): Notify: The 4th error message associated with transaction "UC_02_buy_ticket" is "Error -26374: The above "not found" error(s) may be explained by header and body byte counts being 0 and 0, respectively."	[MsgId: MMSG-16819]
Ending action Action.	[MsgId: MMSG-15918]
Ending iteration 3.	[MsgId: MMSG-15965]
Waiting 17,9620 seconds for iteration pacing.	[MsgId: MMSG-15996]
Starting iteration 4.	[MsgId: MMSG-15968]
Action.c(36): Resetting all proxy auto-configuration information  	[MsgId: MMSG-26000]
Notify: Next row for parameter firstName = 4 [table  = firstName].	[MsgId: MMSG-13876]
Notify: Getting new value for parameter 'firstName': table = '..\data_pool\users.dat' column = '2' row = '4'.	[MsgId: MMSG-13877]
Notify: Next row for parameter address1 = 4 [table  = address1].	[MsgId: MMSG-13876]
Notify: Getting new value for parameter 'address1': table = '..\data_pool\users.dat' column = '4' row = '4'.	[MsgId: MMSG-13877]
Notify: Next row for parameter creditCard = 4 [table  = creditCard].	[MsgId: MMSG-13876]
Notify: Getting new value for parameter 'creditCard': table = '..\data_pool\users.dat' column = '6' row = '4'.	[MsgId: MMSG-13877]
Notify: Next row for parameter address2 = 4 [table  = address2].	[MsgId: MMSG-13876]
Notify: Getting new value for parameter 'address2': table = '..\data_pool\users.dat' column = '5' row = '4'.	[MsgId: MMSG-13877]
Notify: Next row for parameter seatPref = 1 [table  = seatPref].	[MsgId: MMSG-13876]
Notify: Getting new value for parameter 'seatPref': table = '..\data_pool\seat_pref.dat' column = '0' row = '1'.	[MsgId: MMSG-13877]
Notify: Next row for parameter expDate = 4 [table  = expDate].	[MsgId: MMSG-13876]
Notify: Getting new value for parameter 'expDate': table = '..\data_pool\users.dat' column = '7' row = '4'.	[MsgId: MMSG-13877]
Notify: Next row for parameter seatType = 1 [table  = seatType].	[MsgId: MMSG-13876]
Notify: Getting new value for parameter 'seatType': table = '..\data_pool\seat_type.dat' column = '0' row = '1'.	[MsgId: MMSG-13877]
Notify: Next row for parameter login = 4 [table  = login].	[MsgId: MMSG-13876]
Notify: Getting new value for parameter 'login': table = '..\data_pool\users.dat' column = '0' row = '4'.	[MsgId: MMSG-13877]
Notify: Next row for parameter password = 4 [table  = password].	[MsgId: MMSG-13876]
Notify: Getting new value for parameter 'password': table = '..\data_pool\users.dat' column = '1' row = '4'.	[MsgId: MMSG-13877]
Notify: Next row for parameter lastName = 4 [table  = lastName].	[MsgId: MMSG-13876]
Notify: Getting new value for parameter 'lastName': table = '..\data_pool\users.dat' column = '3' row = '4'.	[MsgId: MMSG-13877]
Starting action Action.	[MsgId: MMSG-15919]
Action.c(3): Notify: Transaction "UC_02_buy_ticket" started.	[MsgId: MMSG-16999]
Action.c(6): Notify: Transaction "open_main_page" started.	[MsgId: MMSG-16999]
Action.c(8): web_add_auto_header("Sec-Fetch-Dest") started  	[MsgId: MMSG-26355]
Action.c(8): An unrecognized header ("Sec-Fetch-Dest") is being added  	[MsgId: MMSG-26595]
Action.c(8): "Sec-Fetch-Dest: frame" header registered for adding to requests from all following Action functions  	[MsgId: MMSG-26505]
Action.c(8): web_add_auto_header("Sec-Fetch-Dest") was successful  	[MsgId: MMSG-26392]
Action.c(11): web_add_auto_header("Sec-Fetch-Mode") started  	[MsgId: MMSG-26355]
Action.c(11): An unrecognized header ("Sec-Fetch-Mode") is being added  	[MsgId: MMSG-26595]
Action.c(11): "Sec-Fetch-Mode: navigate" header registered for adding to requests from all following Action functions  	[MsgId: MMSG-26505]
Action.c(11): web_add_auto_header("Sec-Fetch-Mode") was successful  	[MsgId: MMSG-26392]
Action.c(14): web_add_auto_header("Sec-Fetch-Site") started  	[MsgId: MMSG-26355]
Action.c(14): An unrecognized header ("Sec-Fetch-Site") is being added  	[MsgId: MMSG-26595]
Action.c(14): "Sec-Fetch-Site: same-origin" header registered for adding to requests from all following Action functions  	[MsgId: MMSG-26505]
Action.c(14): web_add_auto_header("Sec-Fetch-Site") was successful  	[MsgId: MMSG-26392]
Action.c(17): web_add_auto_header("Upgrade-Insecure-Requests") started  	[MsgId: MMSG-26355]
Action.c(17): An unrecognized header ("Upgrade-Insecure-Requests") is being added  	[MsgId: MMSG-26595]
Action.c(17): "Upgrade-Insecure-Requests: 1" header registered for adding to requests from all following Action functions  	[MsgId: MMSG-26505]
Action.c(17): web_add_auto_header("Upgrade-Insecure-Requests") was successful  	[MsgId: MMSG-26392]
Action.c(21): web_reg_save_param_regexp started  	[MsgId: MMSG-26355]
Action.c(21): Registering web_reg_save_param_regexp was successful  	[MsgId: MMSG-26390]
Action.c(30): web_reg_save_param started  	[MsgId: MMSG-26355]
Action.c(30): Registering web_reg_save_param was successful  	[MsgId: MMSG-26390]
Action.c(35): web_reg_find started  	[MsgId: MMSG-26355]
Action.c(35): Registering web_reg_find was successful  	[MsgId: MMSG-26390]
Action.c(36): web_url("welcome.pl") started  	[MsgId: MMSG-26355]
Action.c(36): t=68940ms: Connecting [0] to host 127.0.0.1:8090  	[MsgId: MMSG-26000]
Action.c(36): Error -27792: Failed to connect to server "127.0.0.1:8090": [10061] Connection refused  	[MsgId: MERR-27792]
Action.c(36): t=70989ms: Closed connection [0] to 127.0.0.1:8090 after completing 0 request(s)  	[MsgId: MMSG-26000]
Action.c(36): Search registration for "userSession" parameter is filtered by "Request URL"  	[MsgId: MMSG-26000]
Action.c(36): Notify: Saving Parameter "userSession = ".	[MsgId: MMSG-13798]
Action.c(36): Error -35049: No match found for the requested parameter "userSession". Check whether the requested regular expression exists in the response data  	[MsgId: MERR-35049]
Action.c(36): Error -26377: No match found for the requested parameter "SID". Either the specified boundaries were not found in the response or the matched text is longer than current max html parameter size of 256 bytes. The total length of the response is 0 bytes. You can use "web_set_max_html_param_len" to increase the max parameter size.  	[MsgId: MERR-26377]
Action.c(36): Notify: Saving Parameter "SID = ".	[MsgId: MMSG-13798]
Action.c(36): Error -26366: "Text=<title>Web Tours Navigation Bar</title>" not found for web_reg_find  	[MsgId: MERR-26366]
Action.c(36): Error -26374: The above "not found" error(s) may be explained by header and body byte counts being 0 and 0, respectively.  	[MsgId: MERR-26374]
Action.c(36): web_url("welcome.pl") highest severity level was "ERROR", 0 body bytes, 0 header bytes  	[MsgId: MMSG-26388]
Action.c(36): Notify: Transaction "open_main_page" ended with a "Fail" status (Duration: 2,0508 Wasted Time: 0,0002).	[MsgId: MMSG-16871]
Action.c(36): Notify: Transaction "open_main_page" has 4 error message(s).	[MsgId: MMSG-16818]
Action.c(36): Notify: The 1st error message associated with transaction "open_main_page" is "Error -27792: Failed to connect to server "127.0.0.1:8090": [10061] Connection refused"	[MsgId: MMSG-16819]
Action.c(36): Notify: The 2nd error message associated with transaction "open_main_page" is "Error -26377: No match found for the requested parameter "SID". Either the specified boundaries were not found in the response or the matched text is longer than current max html parameter size of 256 bytes. The total length of the response is 0 bytes. You can use "web_set_max_html_param_len" to increase the max parameter size."	[MsgId: MMSG-16819]
Action.c(36): Notify: The 3rd error message associated with transaction "open_main_page" is "Error -26366: "Text=<title>Web Tours Navigation Bar</title>" not found for web_reg_find"	[MsgId: MMSG-16819]
Action.c(36): Notify: The 4th error message associated with transaction "open_main_page" is "Error -26374: The above "not found" error(s) may be explained by header and body byte counts being 0 and 0, respectively."	[MsgId: MMSG-16819]
Action.c(36): Notify: Transaction "UC_02_buy_ticket" ended with a "Fail" status (Duration: 2,0508 Wasted Time: 0,0002).	[MsgId: MMSG-16871]
Action.c(36): Notify: Transaction "UC_02_buy_ticket" has 4 error message(s).	[MsgId: MMSG-16818]
Action.c(36): Notify: The 1st error message associated with transaction "UC_02_buy_ticket" is "Error -27792: Failed to connect to server "127.0.0.1:8090": [10061] Connection refused"	[MsgId: MMSG-16819]
Action.c(36): Notify: The 2nd error message associated with transaction "UC_02_buy_ticket" is "Error -26377: No match found for the requested parameter "SID". Either the specified boundaries were not found in the response or the matched text is longer than current max html parameter size of 256 bytes. The total length of the response is 0 bytes. You can use "web_set_max_html_param_len" to increase the max parameter size."	[MsgId: MMSG-16819]
Action.c(36): Notify: The 3rd error message associated with transaction "UC_02_buy_ticket" is "Error -26366: "Text=<title>Web Tours Navigation Bar</title>" not found for web_reg_find"	[MsgId: MMSG-16819]
Action.c(36): Notify: The 4th error message associated with transaction "UC_02_buy_ticket" is "Error -26374: The above "not found" error(s) may be explained by header and body byte counts being 0 and 0, respectively."	[MsgId: MMSG-16819]
Ending action Action.	[MsgId: MMSG-15918]
Ending iteration 4.	[MsgId: MMSG-15965]
Waiting 17,9480 seconds for iteration pacing.	[MsgId: MMSG-15996]
Starting iteration 1.	[MsgId: MMSG-15968]
Maximum number of concurrent connections per server: 6  	[MsgId: MMSG-26989]
Starting action Action.	[MsgId: MMSG-15919]
Action.c(3): Notify: Transaction "UC_02_buy_ticket" started.	[MsgId: MMSG-16999]
Action.c(6): Notify: Transaction "open_main_page" started.	[MsgId: MMSG-16999]
Action.c(8): web_add_auto_header("Sec-Fetch-Dest") started  	[MsgId: MMSG-26355]
Action.c(8): An unrecognized header ("Sec-Fetch-Dest") is being added  	[MsgId: MMSG-26595]
Action.c(8): "Sec-Fetch-Dest: frame" header registered for adding to requests from all following Action functions  	[MsgId: MMSG-26505]
Action.c(8): web_add_auto_header("Sec-Fetch-Dest") was successful  	[MsgId: MMSG-26392]
Action.c(11): web_add_auto_header("Sec-Fetch-Mode") started  	[MsgId: MMSG-26355]
Action.c(11): An unrecognized header ("Sec-Fetch-Mode") is being added  	[MsgId: MMSG-26595]
Action.c(11): "Sec-Fetch-Mode: navigate" header registered for adding to requests from all following Action functions  	[MsgId: MMSG-26505]
Action.c(11): web_add_auto_header("Sec-Fetch-Mode") was successful  	[MsgId: MMSG-26392]
Action.c(14): web_add_auto_header("Sec-Fetch-Site") started  	[MsgId: MMSG-26355]
Action.c(14): An unrecognized header ("Sec-Fetch-Site") is being added  	[MsgId: MMSG-26595]
Action.c(14): "Sec-Fetch-Site: same-origin" header registered for adding to requests from all following Action functions  	[MsgId: MMSG-26505]
Action.c(14): web_add_auto_header("Sec-Fetch-Site") was successful  	[MsgId: MMSG-26392]
Action.c(17): web_add_auto_header("Upgrade-Insecure-Requests") started  	[MsgId: MMSG-26355]
Action.c(17): An unrecognized header ("Upgrade-Insecure-Requests") is being added  	[MsgId: MMSG-26595]
Action.c(17): "Upgrade-Insecure-Requests: 1" header registered for adding to requests from all following Action functions  	[MsgId: MMSG-26505]
Action.c(17): web_add_auto_header("Upgrade-Insecure-Requests") was successful  	[MsgId: MMSG-26392]
Action.c(21): web_reg_save_param_regexp started  	[MsgId: MMSG-26355]
Action.c(21): Registering web_reg_save_param_regexp was successful  	[MsgId: MMSG-26390]
Action.c(30): web_reg_save_param started  	[MsgId: MMSG-26355]
Action.c(30): Registering web_reg_save_param was successful  	[MsgId: MMSG-26390]
Action.c(35): web_reg_find started  	[MsgId: MMSG-26355]
Action.c(35): Registering web_reg_find was successful  	[MsgId: MMSG-26390]
Action.c(36): web_url("welcome.pl") started  	[MsgId: MMSG-26355]
Action.c(36): t=87174ms: Connecting [0] to host 127.0.0.1:8090  	[MsgId: MMSG-26000]
Starting iteration 5.	[MsgId: MMSG-15968]
Action.c(36): Resetting all proxy auto-configuration information  	[MsgId: MMSG-26000]
Notify: Next row for parameter firstName = 5 [table  = firstName].	[MsgId: MMSG-13876]
Notify: Getting new value for parameter 'firstName': table = '..\data_pool\users.dat' column = '2' row = '5'.	[MsgId: MMSG-13877]
Notify: Next row for parameter address1 = 5 [table  = address1].	[MsgId: MMSG-13876]
Notify: Getting new value for parameter 'address1': table = '..\data_pool\users.dat' column = '4' row = '5'.	[MsgId: MMSG-13877]
Notify: Next row for parameter creditCard = 5 [table  = creditCard].	[MsgId: MMSG-13876]
Notify: Getting new value for parameter 'creditCard': table = '..\data_pool\users.dat' column = '6' row = '5'.	[MsgId: MMSG-13877]
Notify: Next row for parameter address2 = 5 [table  = address2].	[MsgId: MMSG-13876]
Notify: Getting new value for parameter 'address2': table = '..\data_pool\users.dat' column = '5' row = '5'.	[MsgId: MMSG-13877]
Notify: Next row for parameter seatPref = 1 [table  = seatPref].	[MsgId: MMSG-13876]
Notify: Getting new value for parameter 'seatPref': table = '..\data_pool\seat_pref.dat' column = '0' row = '1'.	[MsgId: MMSG-13877]
Notify: Next row for parameter expDate = 5 [table  = expDate].	[MsgId: MMSG-13876]
Notify: Getting new value for parameter 'expDate': table = '..\data_pool\users.dat' column = '7' row = '5'.	[MsgId: MMSG-13877]
Notify: Next row for parameter seatType = 1 [table  = seatType].	[MsgId: MMSG-13876]
Notify: Getting new value for parameter 'seatType': table = '..\data_pool\seat_type.dat' column = '0' row = '1'.	[MsgId: MMSG-13877]
Notify: Next row for parameter login = 5 [table  = login].	[MsgId: MMSG-13876]
Notify: Getting new value for parameter 'login': table = '..\data_pool\users.dat' column = '0' row = '5'.	[MsgId: MMSG-13877]
Notify: Next row for parameter password = 5 [table  = password].	[MsgId: MMSG-13876]
Notify: Getting new value for parameter 'password': table = '..\data_pool\users.dat' column = '1' row = '5'.	[MsgId: MMSG-13877]
Notify: Next row for parameter lastName = 5 [table  = lastName].	[MsgId: MMSG-13876]
Notify: Getting new value for parameter 'lastName': table = '..\data_pool\users.dat' column = '3' row = '5'.	[MsgId: MMSG-13877]
Starting action Action.	[MsgId: MMSG-15919]
Action.c(3): Notify: Transaction "UC_02_buy_ticket" started.	[MsgId: MMSG-16999]
Action.c(6): Notify: Transaction "open_main_page" started.	[MsgId: MMSG-16999]
Action.c(8): web_add_auto_header("Sec-Fetch-Dest") started  	[MsgId: MMSG-26355]
Action.c(8): An unrecognized header ("Sec-Fetch-Dest") is being added  	[MsgId: MMSG-26595]
Action.c(8): "Sec-Fetch-Dest: frame" header registered for adding to requests from all following Action functions  	[MsgId: MMSG-26505]
Action.c(8): web_add_auto_header("Sec-Fetch-Dest") was successful  	[MsgId: MMSG-26392]
Action.c(11): web_add_auto_header("Sec-Fetch-Mode") started  	[MsgId: MMSG-26355]
Action.c(11): An unrecognized header ("Sec-Fetch-Mode") is being added  	[MsgId: MMSG-26595]
Action.c(11): "Sec-Fetch-Mode: navigate" header registered for adding to requests from all following Action functions  	[MsgId: MMSG-26505]
Action.c(11): web_add_auto_header("Sec-Fetch-Mode") was successful  	[MsgId: MMSG-26392]
Action.c(14): web_add_auto_header("Sec-Fetch-Site") started  	[MsgId: MMSG-26355]
Action.c(14): An unrecognized header ("Sec-Fetch-Site") is being added  	[MsgId: MMSG-26595]
Action.c(14): "Sec-Fetch-Site: same-origin" header registered for adding to requests from all following Action functions  	[MsgId: MMSG-26505]
Action.c(14): web_add_auto_header("Sec-Fetch-Site") was successful  	[MsgId: MMSG-26392]
Action.c(17): web_add_auto_header("Upgrade-Insecure-Requests") started  	[MsgId: MMSG-26355]
Action.c(17): An unrecognized header ("Upgrade-Insecure-Requests") is being added  	[MsgId: MMSG-26595]
Action.c(17): "Upgrade-Insecure-Requests: 1" header registered for adding to requests from all following Action functions  	[MsgId: MMSG-26505]
Action.c(17): web_add_auto_header("Upgrade-Insecure-Requests") was successful  	[MsgId: MMSG-26392]
Action.c(21): web_reg_save_param_regexp started  	[MsgId: MMSG-26355]
Action.c(21): Registering web_reg_save_param_regexp was successful  	[MsgId: MMSG-26390]
Action.c(30): web_reg_save_param started  	[MsgId: MMSG-26355]
Action.c(30): Registering web_reg_save_param was successful  	[MsgId: MMSG-26390]
Action.c(35): web_reg_find started  	[MsgId: MMSG-26355]
Action.c(35): Registering web_reg_find was successful  	[MsgId: MMSG-26390]
Action.c(36): web_url("welcome.pl") started  	[MsgId: MMSG-26355]
Action.c(36): t=88948ms: Connecting [0] to host 127.0.0.1:8090  	[MsgId: MMSG-26000]
Action.c(36): Error -27792: Failed to connect to server "127.0.0.1:8090": [10061] Connection refused  	[MsgId: MERR-27792]
Action.c(36): t=89211ms: Closed connection [0] to 127.0.0.1:8090 after completing 0 request(s)  	[MsgId: MMSG-26000]
Action.c(36): Search registration for "userSession" parameter is filtered by "Request URL"  	[MsgId: MMSG-26000]
Action.c(36): Notify: Saving Parameter "userSession = ".	[MsgId: MMSG-13798]
Action.c(36): Error -35049: No match found for the requested parameter "userSession". Check whether the requested regular expression exists in the response data  	[MsgId: MERR-35049]
Action.c(36): Error -26377: No match found for the requested parameter "SID". Either the specified boundaries were not found in the response or the matched text is longer than current max html parameter size of 256 bytes. The total length of the response is 0 bytes. You can use "web_set_max_html_param_len" to increase the max parameter size.  	[MsgId: MERR-26377]
Action.c(36): Notify: Saving Parameter "SID = ".	[MsgId: MMSG-13798]
Action.c(36): Error -26366: "Text=<title>Web Tours Navigation Bar</title>" not found for web_reg_find  	[MsgId: MERR-26366]
Action.c(36): Error -26374: The above "not found" error(s) may be explained by header and body byte counts being 0 and 0, respectively.  	[MsgId: MERR-26374]
Action.c(36): web_url("welcome.pl") highest severity level was "ERROR", 0 body bytes, 0 header bytes  	[MsgId: MMSG-26388]
Action.c(36): Notify: Transaction "open_main_page" ended with a "Fail" status (Duration: 2,0391 Wasted Time: 0,0002).	[MsgId: MMSG-16871]
Action.c(36): Notify: Transaction "open_main_page" has 4 error message(s).	[MsgId: MMSG-16818]
Action.c(36): Notify: The 1st error message associated with transaction "open_main_page" is "Error -27792: Failed to connect to server "127.0.0.1:8090": [10061] Connection refused"	[MsgId: MMSG-16819]
Action.c(36): Notify: The 2nd error message associated with transaction "open_main_page" is "Error -26377: No match found for the requested parameter "SID". Either the specified boundaries were not found in the response or the matched text is longer than current max html parameter size of 256 bytes. The total length of the response is 0 bytes. You can use "web_set_max_html_param_len" to increase the max parameter size."	[MsgId: MMSG-16819]
Action.c(36): Notify: The 3rd error message associated with transaction "open_main_page" is "Error -26366: "Text=<title>Web Tours Navigation Bar</title>" not found for web_reg_find"	[MsgId: MMSG-16819]
Action.c(36): Notify: The 4th error message associated with transaction "open_main_page" is "Error -26374: The above "not found" error(s) may be explained by header and body byte counts being 0 and 0, respectively."	[MsgId: MMSG-16819]
Action.c(36): Notify: Transaction "UC_02_buy_ticket" ended with a "Fail" status (Duration: 2,0391 Wasted Time: 0,0002).	[MsgId: MMSG-16871]
Action.c(36): Notify: Transaction "UC_02_buy_ticket" has 4 error message(s).	[MsgId: MMSG-16818]
Action.c(36): Notify: The 1st error message associated with transaction "UC_02_buy_ticket" is "Error -27792: Failed to connect to server "127.0.0.1:8090": [10061] Connection refused"	[MsgId: MMSG-16819]
Action.c(36): Notify: The 2nd error message associated with transaction "UC_02_buy_ticket" is "Error -26377: No match found for the requested parameter "SID". Either the specified boundaries were not found in the response or the matched text is longer than current max html parameter size of 256 bytes. The total length of the response is 0 bytes. You can use "web_set_max_html_param_len" to increase the max parameter size."	[MsgId: MMSG-16819]
Action.c(36): Notify: The 3rd error message associated with transaction "UC_02_buy_ticket" is "Error -26366: "Text=<title>Web Tours Navigation Bar</title>" not found for web_reg_find"	[MsgId: MMSG-16819]
Action.c(36): Notify: The 4th error message associated with transaction "UC_02_buy_ticket" is "Error -26374: The above "not found" error(s) may be explained by header and body byte counts being 0 and 0, respectively."	[MsgId: MMSG-16819]
Ending action Action.	[MsgId: MMSG-15918]
Ending iteration 1.	[MsgId: MMSG-15965]
Waiting 17,9600 seconds for iteration pacing.	[MsgId: MMSG-15996]
Action.c(36): Error -27792: Failed to connect to server "127.0.0.1:8090": [10061] Connection refused  	[MsgId: MERR-27792]
Action.c(36): t=91008ms: Closed connection [0] to 127.0.0.1:8090 after completing 0 request(s)  	[MsgId: MMSG-26000]
Action.c(36): Search registration for "userSession" parameter is filtered by "Request URL"  	[MsgId: MMSG-26000]
Action.c(36): Notify: Saving Parameter "userSession = ".	[MsgId: MMSG-13798]
Action.c(36): Error -35049: No match found for the requested parameter "userSession". Check whether the requested regular expression exists in the response data  	[MsgId: MERR-35049]
Action.c(36): Error -26377: No match found for the requested parameter "SID". Either the specified boundaries were not found in the response or the matched text is longer than current max html parameter size of 256 bytes. The total length of the response is 0 bytes. You can use "web_set_max_html_param_len" to increase the max parameter size.  	[MsgId: MERR-26377]
Action.c(36): Notify: Saving Parameter "SID = ".	[MsgId: MMSG-13798]
Action.c(36): Error -26366: "Text=<title>Web Tours Navigation Bar</title>" not found for web_reg_find  	[MsgId: MERR-26366]
Action.c(36): Error -26374: The above "not found" error(s) may be explained by header and body byte counts being 0 and 0, respectively.  	[MsgId: MERR-26374]
Action.c(36): web_url("welcome.pl") highest severity level was "ERROR", 0 body bytes, 0 header bytes  	[MsgId: MMSG-26388]
Action.c(36): Notify: Transaction "open_main_page" ended with a "Fail" status (Duration: 2,0620 Wasted Time: 0,0002).	[MsgId: MMSG-16871]
Action.c(36): Notify: Transaction "open_main_page" has 4 error message(s).	[MsgId: MMSG-16818]
Action.c(36): Notify: The 1st error message associated with transaction "open_main_page" is "Error -27792: Failed to connect to server "127.0.0.1:8090": [10061] Connection refused"	[MsgId: MMSG-16819]
Action.c(36): Notify: The 2nd error message associated with transaction "open_main_page" is "Error -26377: No match found for the requested parameter "SID". Either the specified boundaries were not found in the response or the matched text is longer than current max html parameter size of 256 bytes. The total length of the response is 0 bytes. You can use "web_set_max_html_param_len" to increase the max parameter size."	[MsgId: MMSG-16819]
Action.c(36): Notify: The 3rd error message associated with transaction "open_main_page" is "Error -26366: "Text=<title>Web Tours Navigation Bar</title>" not found for web_reg_find"	[MsgId: MMSG-16819]
Action.c(36): Notify: The 4th error message associated with transaction "open_main_page" is "Error -26374: The above "not found" error(s) may be explained by header and body byte counts being 0 and 0, respectively."	[MsgId: MMSG-16819]
Action.c(36): Notify: Transaction "UC_02_buy_ticket" ended with a "Fail" status (Duration: 2,0621 Wasted Time: 0,0002).	[MsgId: MMSG-16871]
Action.c(36): Notify: Transaction "UC_02_buy_ticket" has 4 error message(s).	[MsgId: MMSG-16818]
Action.c(36): Notify: The 1st error message associated with transaction "UC_02_buy_ticket" is "Error -27792: Failed to connect to server "127.0.0.1:8090": [10061] Connection refused"	[MsgId: MMSG-16819]
Action.c(36): Notify: The 2nd error message associated with transaction "UC_02_buy_ticket" is "Error -26377: No match found for the requested parameter "SID". Either the specified boundaries were not found in the response or the matched text is longer than current max html parameter size of 256 bytes. The total length of the response is 0 bytes. You can use "web_set_max_html_param_len" to increase the max parameter size."	[MsgId: MMSG-16819]
Action.c(36): Notify: The 3rd error message associated with transaction "UC_02_buy_ticket" is "Error -26366: "Text=<title>Web Tours Navigation Bar</title>" not found for web_reg_find"	[MsgId: MMSG-16819]
Action.c(36): Notify: The 4th error message associated with transaction "UC_02_buy_ticket" is "Error -26374: The above "not found" error(s) may be explained by header and body byte counts being 0 and 0, respectively."	[MsgId: MMSG-16819]
Ending action Action.	[MsgId: MMSG-15918]
Ending iteration 5.	[MsgId: MMSG-15965]
Waiting 17,9360 seconds for iteration pacing.	[MsgId: MMSG-15996]
Starting iteration 2.	[MsgId: MMSG-15968]
Action.c(36): Resetting all proxy auto-configuration information  	[MsgId: MMSG-26000]
Notify: Next row for parameter firstName = 2 [table  = firstName].	[MsgId: MMSG-13876]
Notify: Getting new value for parameter 'firstName': table = '..\data_pool\users.dat' column = '2' row = '2'.	[MsgId: MMSG-13877]
Notify: Next row for parameter address1 = 2 [table  = address1].	[MsgId: MMSG-13876]
Notify: Getting new value for parameter 'address1': table = '..\data_pool\users.dat' column = '4' row = '2'.	[MsgId: MMSG-13877]
Notify: Next row for parameter creditCard = 2 [table  = creditCard].	[MsgId: MMSG-13876]
Notify: Getting new value for parameter 'creditCard': table = '..\data_pool\users.dat' column = '6' row = '2'.	[MsgId: MMSG-13877]
Notify: Next row for parameter address2 = 2 [table  = address2].	[MsgId: MMSG-13876]
Notify: Getting new value for parameter 'address2': table = '..\data_pool\users.dat' column = '5' row = '2'.	[MsgId: MMSG-13877]
Notify: Next row for parameter seatPref = 1 [table  = seatPref].	[MsgId: MMSG-13876]
Notify: Getting new value for parameter 'seatPref': table = '..\data_pool\seat_pref.dat' column = '0' row = '1'.	[MsgId: MMSG-13877]
Notify: Next row for parameter expDate = 2 [table  = expDate].	[MsgId: MMSG-13876]
Notify: Getting new value for parameter 'expDate': table = '..\data_pool\users.dat' column = '7' row = '2'.	[MsgId: MMSG-13877]
Notify: Next row for parameter seatType = 1 [table  = seatType].	[MsgId: MMSG-13876]
Notify: Getting new value for parameter 'seatType': table = '..\data_pool\seat_type.dat' column = '0' row = '1'.	[MsgId: MMSG-13877]
Notify: Next row for parameter login = 2 [table  = login].	[MsgId: MMSG-13876]
Notify: Getting new value for parameter 'login': table = '..\data_pool\users.dat' column = '0' row = '2'.	[MsgId: MMSG-13877]
Notify: Next row for parameter password = 2 [table  = password].	[MsgId: MMSG-13876]
Notify: Getting new value for parameter 'password': table = '..\data_pool\users.dat' column = '1' row = '2'.	[MsgId: MMSG-13877]
Notify: Next row for parameter lastName = 2 [table  = lastName].	[MsgId: MMSG-13876]
Notify: Getting new value for parameter 'lastName': table = '..\data_pool\users.dat' column = '3' row = '2'.	[MsgId: MMSG-13877]
Starting action Action.	[MsgId: MMSG-15919]
Action.c(3): Notify: Transaction "UC_02_buy_ticket" started.	[MsgId: MMSG-16999]
Action.c(6): Notify: Transaction "open_main_page" started.	[MsgId: MMSG-16999]
Action.c(8): web_add_auto_header("Sec-Fetch-Dest") started  	[MsgId: MMSG-26355]
Action.c(8): An unrecognized header ("Sec-Fetch-Dest") is being added  	[MsgId: MMSG-26595]
Action.c(8): "Sec-Fetch-Dest: frame" header registered for adding to requests from all following Action functions  	[MsgId: MMSG-26505]
Action.c(8): web_add_auto_header("Sec-Fetch-Dest") was successful  	[MsgId: MMSG-26392]
Action.c(11): web_add_auto_header("Sec-Fetch-Mode") started  	[MsgId: MMSG-26355]
Action.c(11): An unrecognized header ("Sec-Fetch-Mode") is being added  	[MsgId: MMSG-26595]
Action.c(11): "Sec-Fetch-Mode: navigate" header registered for adding to requests from all following Action functions  	[MsgId: MMSG-26505]
Action.c(11): web_add_auto_header("Sec-Fetch-Mode") was successful  	[MsgId: MMSG-26392]
Action.c(14): web_add_auto_header("Sec-Fetch-Site") started  	[MsgId: MMSG-26355]
Action.c(14): An unrecognized header ("Sec-Fetch-Site") is being added  	[MsgId: MMSG-26595]
Action.c(14): "Sec-Fetch-Site: same-origin" header registered for adding to requests from all following Action functions  	[MsgId: MMSG-26505]
Action.c(14): web_add_auto_header("Sec-Fetch-Site") was successful  	[MsgId: MMSG-26392]
Action.c(17): web_add_auto_header("Upgrade-Insecure-Requests") started  	[MsgId: MMSG-26355]
Action.c(17): An unrecognized header ("Upgrade-Insecure-Requests") is being added  	[MsgId: MMSG-26595]
Action.c(17): "Upgrade-Insecure-Requests: 1" header registered for adding to requests from all following Action functions  	[MsgId: MMSG-26505]
Action.c(17): web_add_auto_header("Upgrade-Insecure-Requests") was successful  	[MsgId: MMSG-26392]
Action.c(21): web_reg_save_param_regexp started  	[MsgId: MMSG-26355]
Action.c(21): Registering web_reg_save_param_regexp was successful  	[MsgId: MMSG-26390]
Action.c(30): web_reg_save_param started  	[MsgId: MMSG-26355]
Action.c(30): Registering web_reg_save_param was successful  	[MsgId: MMSG-26390]
Action.c(35): web_reg_find started  	[MsgId: MMSG-26355]
Action.c(35): Registering web_reg_find was successful  	[MsgId: MMSG-26390]
Action.c(36): web_url("welcome.pl") started  	[MsgId: MMSG-26355]
Action.c(36): t=107175ms: Connecting [0] to host 127.0.0.1:8090  	[MsgId: MMSG-26000]
Starting iteration 6.	[MsgId: MMSG-15968]
Action.c(36): Resetting all proxy auto-configuration information  	[MsgId: MMSG-26000]
Notify: Next row for parameter firstName = 6 [table  = firstName].	[MsgId: MMSG-13876]
Notify: Getting new value for parameter 'firstName': table = '..\data_pool\users.dat' column = '2' row = '6'.	[MsgId: MMSG-13877]
Notify: Next row for parameter address1 = 6 [table  = address1].	[MsgId: MMSG-13876]
Notify: Getting new value for parameter 'address1': table = '..\data_pool\users.dat' column = '4' row = '6'.	[MsgId: MMSG-13877]
Notify: Next row for parameter creditCard = 6 [table  = creditCard].	[MsgId: MMSG-13876]
Notify: Getting new value for parameter 'creditCard': table = '..\data_pool\users.dat' column = '6' row = '6'.	[MsgId: MMSG-13877]
Notify: Next row for parameter address2 = 6 [table  = address2].	[MsgId: MMSG-13876]
Notify: Getting new value for parameter 'address2': table = '..\data_pool\users.dat' column = '5' row = '6'.	[MsgId: MMSG-13877]
Notify: Next row for parameter seatPref = 2 [table  = seatPref].	[MsgId: MMSG-13876]
Notify: Getting new value for parameter 'seatPref': table = '..\data_pool\seat_pref.dat' column = '0' row = '2'.	[MsgId: MMSG-13877]
Notify: Next row for parameter expDate = 6 [table  = expDate].	[MsgId: MMSG-13876]
Notify: Getting new value for parameter 'expDate': table = '..\data_pool\users.dat' column = '7' row = '6'.	[MsgId: MMSG-13877]
Notify: Next row for parameter seatType = 2 [table  = seatType].	[MsgId: MMSG-13876]
Notify: Getting new value for parameter 'seatType': table = '..\data_pool\seat_type.dat' column = '0' row = '2'.	[MsgId: MMSG-13877]
Notify: Next row for parameter login = 6 [table  = login].	[MsgId: MMSG-13876]
Notify: Getting new value for parameter 'login': table = '..\data_pool\users.dat' column = '0' row = '6'.	[MsgId: MMSG-13877]
Notify: Next row for parameter password = 6 [table  = password].	[MsgId: MMSG-13876]
Notify: Getting new value for parameter 'password': table = '..\data_pool\users.dat' column = '1' row = '6'.	[MsgId: MMSG-13877]
Notify: Next row for parameter lastName = 6 [table  = lastName].	[MsgId: MMSG-13876]
Notify: Getting new value for parameter 'lastName': table = '..\data_pool\users.dat' column = '3' row = '6'.	[MsgId: MMSG-13877]
Starting action Action.	[MsgId: MMSG-15919]
Action.c(3): Notify: Transaction "UC_02_buy_ticket" started.	[MsgId: MMSG-16999]
Action.c(6): Notify: Transaction "open_main_page" started.	[MsgId: MMSG-16999]
Action.c(8): web_add_auto_header("Sec-Fetch-Dest") started  	[MsgId: MMSG-26355]
Action.c(8): An unrecognized header ("Sec-Fetch-Dest") is being added  	[MsgId: MMSG-26595]
Action.c(8): "Sec-Fetch-Dest: frame" header registered for adding to requests from all following Action functions  	[MsgId: MMSG-26505]
Action.c(8): web_add_auto_header("Sec-Fetch-Dest") was successful  	[MsgId: MMSG-26392]
Action.c(11): web_add_auto_header("Sec-Fetch-Mode") started  	[MsgId: MMSG-26355]
Action.c(11): An unrecognized header ("Sec-Fetch-Mode") is being added  	[MsgId: MMSG-26595]
Action.c(11): "Sec-Fetch-Mode: navigate" header registered for adding to requests from all following Action functions  	[MsgId: MMSG-26505]
Action.c(11): web_add_auto_header("Sec-Fetch-Mode") was successful  	[MsgId: MMSG-26392]
Action.c(14): web_add_auto_header("Sec-Fetch-Site") started  	[MsgId: MMSG-26355]
Action.c(14): An unrecognized header ("Sec-Fetch-Site") is being added  	[MsgId: MMSG-26595]
Action.c(14): "Sec-Fetch-Site: same-origin" header registered for adding to requests from all following Action functions  	[MsgId: MMSG-26505]
Action.c(14): web_add_auto_header("Sec-Fetch-Site") was successful  	[MsgId: MMSG-26392]
Action.c(17): web_add_auto_header("Upgrade-Insecure-Requests") started  	[MsgId: MMSG-26355]
Action.c(17): An unrecognized header ("Upgrade-Insecure-Requests") is being added  	[MsgId: MMSG-26595]
Action.c(17): "Upgrade-Insecure-Requests: 1" header registered for adding to requests from all following Action functions  	[MsgId: MMSG-26505]
Action.c(17): web_add_auto_header("Upgrade-Insecure-Requests") was successful  	[MsgId: MMSG-26392]
Action.c(21): web_reg_save_param_regexp started  	[MsgId: MMSG-26355]
Action.c(21): Registering web_reg_save_param_regexp was successful  	[MsgId: MMSG-26390]
Action.c(30): web_reg_save_param started  	[MsgId: MMSG-26355]
Action.c(30): Registering web_reg_save_param was successful  	[MsgId: MMSG-26390]
Action.c(35): web_reg_find started  	[MsgId: MMSG-26355]
Action.c(35): Registering web_reg_find was successful  	[MsgId: MMSG-26390]
Action.c(36): web_url("welcome.pl") started  	[MsgId: MMSG-26355]
Action.c(36): t=108961ms: Connecting [0] to host 127.0.0.1:8090  	[MsgId: MMSG-26000]
Action.c(36): Error -27792: Failed to connect to server "127.0.0.1:8090": [10061] Connection refused  	[MsgId: MERR-27792]
Action.c(36): t=109208ms: Closed connection [0] to 127.0.0.1:8090 after completing 0 request(s)  	[MsgId: MMSG-26000]
Action.c(36): Search registration for "userSession" parameter is filtered by "Request URL"  	[MsgId: MMSG-26000]
Action.c(36): Notify: Saving Parameter "userSession = ".	[MsgId: MMSG-13798]
Action.c(36): Error -35049: No match found for the requested parameter "userSession". Check whether the requested regular expression exists in the response data  	[MsgId: MERR-35049]
Action.c(36): Error -26377: No match found for the requested parameter "SID". Either the specified boundaries were not found in the response or the matched text is longer than current max html parameter size of 256 bytes. The total length of the response is 0 bytes. You can use "web_set_max_html_param_len" to increase the max parameter size.  	[MsgId: MERR-26377]
Action.c(36): Notify: Saving Parameter "SID = ".	[MsgId: MMSG-13798]
Action.c(36): Error -26366: "Text=<title>Web Tours Navigation Bar</title>" not found for web_reg_find  	[MsgId: MERR-26366]
Action.c(36): Error -26374: The above "not found" error(s) may be explained by header and body byte counts being 0 and 0, respectively.  	[MsgId: MERR-26374]
Action.c(36): web_url("welcome.pl") highest severity level was "ERROR", 0 body bytes, 0 header bytes  	[MsgId: MMSG-26388]
Action.c(36): Notify: Transaction "open_main_page" ended with a "Fail" status (Duration: 2,0353 Wasted Time: 0,0002).	[MsgId: MMSG-16871]
Action.c(36): Notify: Transaction "open_main_page" has 4 error message(s).	[MsgId: MMSG-16818]
Action.c(36): Notify: The 1st error message associated with transaction "open_main_page" is "Error -27792: Failed to connect to server "127.0.0.1:8090": [10061] Connection refused"	[MsgId: MMSG-16819]
Action.c(36): Notify: The 2nd error message associated with transaction "open_main_page" is "Error -26377: No match found for the requested parameter "SID". Either the specified boundaries were not found in the response or the matched text is longer than current max html parameter size of 256 bytes. The total length of the response is 0 bytes. You can use "web_set_max_html_param_len" to increase the max parameter size."	[MsgId: MMSG-16819]
Action.c(36): Notify: The 3rd error message associated with transaction "open_main_page" is "Error -26366: "Text=<title>Web Tours Navigation Bar</title>" not found for web_reg_find"	[MsgId: MMSG-16819]
Action.c(36): Notify: The 4th error message associated with transaction "open_main_page" is "Error -26374: The above "not found" error(s) may be explained by header and body byte counts being 0 and 0, respectively."	[MsgId: MMSG-16819]
Action.c(36): Notify: Transaction "UC_02_buy_ticket" ended with a "Fail" status (Duration: 2,0354 Wasted Time: 0,0002).	[MsgId: MMSG-16871]
Action.c(36): Notify: Transaction "UC_02_buy_ticket" has 4 error message(s).	[MsgId: MMSG-16818]
Action.c(36): Notify: The 1st error message associated with transaction "UC_02_buy_ticket" is "Error -27792: Failed to connect to server "127.0.0.1:8090": [10061] Connection refused"	[MsgId: MMSG-16819]
Action.c(36): Notify: The 2nd error message associated with transaction "UC_02_buy_ticket" is "Error -26377: No match found for the requested parameter "SID". Either the specified boundaries were not found in the response or the matched text is longer than current max html parameter size of 256 bytes. The total length of the response is 0 bytes. You can use "web_set_max_html_param_len" to increase the max parameter size."	[MsgId: MMSG-16819]
Action.c(36): Notify: The 3rd error message associated with transaction "UC_02_buy_ticket" is "Error -26366: "Text=<title>Web Tours Navigation Bar</title>" not found for web_reg_find"	[MsgId: MMSG-16819]
Action.c(36): Notify: The 4th error message associated with transaction "UC_02_buy_ticket" is "Error -26374: The above "not found" error(s) may be explained by header and body byte counts being 0 and 0, respectively."	[MsgId: MMSG-16819]
Ending action Action.	[MsgId: MMSG-15918]
Ending iteration 2.	[MsgId: MMSG-15965]
Waiting 17,9630 seconds for iteration pacing.	[MsgId: MMSG-15996]
Action.c(36): Error -27792: Failed to connect to server "127.0.0.1:8090": [10061] Connection refused  	[MsgId: MERR-27792]
Action.c(36): t=111010ms: Closed connection [0] to 127.0.0.1:8090 after completing 0 request(s)  	[MsgId: MMSG-26000]
Action.c(36): Search registration for "userSession" parameter is filtered by "Request URL"  	[MsgId: MMSG-26000]
Action.c(36): Notify: Saving Parameter "userSession = ".	[MsgId: MMSG-13798]
Action.c(36): Error -35049: No match found for the requested parameter "userSession". Check whether the requested regular expression exists in the response data  	[MsgId: MERR-35049]
Action.c(36): Error -26377: No match found for the requested parameter "SID". Either the specified boundaries were not found in the response or the matched text is longer than current max html parameter size of 256 bytes. The total length of the response is 0 bytes. You can use "web_set_max_html_param_len" to increase the max parameter size.  	[MsgId: MERR-26377]
Action.c(36): Notify: Saving Parameter "SID = ".	[MsgId: MMSG-13798]
Action.c(36): Error -26366: "Text=<title>Web Tours Navigation Bar</title>" not found for web_reg_find  	[MsgId: MERR-26366]
Action.c(36): Error -26374: The above "not found" error(s) may be explained by header and body byte counts being 0 and 0, respectively.  	[MsgId: MERR-26374]
Action.c(36): web_url("welcome.pl") highest severity level was "ERROR", 0 body bytes, 0 header bytes  	[MsgId: MMSG-26388]
Action.c(36): Notify: Transaction "open_main_page" ended with a "Fail" status (Duration: 2,0510 Wasted Time: 0,0002).	[MsgId: MMSG-16871]
Action.c(36): Notify: Transaction "open_main_page" has 4 error message(s).	[MsgId: MMSG-16818]
Action.c(36): Notify: The 1st error message associated with transaction "open_main_page" is "Error -27792: Failed to connect to server "127.0.0.1:8090": [10061] Connection refused"	[MsgId: MMSG-16819]
Action.c(36): Notify: The 2nd error message associated with transaction "open_main_page" is "Error -26377: No match found for the requested parameter "SID". Either the specified boundaries were not found in the response or the matched text is longer than current max html parameter size of 256 bytes. The total length of the response is 0 bytes. You can use "web_set_max_html_param_len" to increase the max parameter size."	[MsgId: MMSG-16819]
Action.c(36): Notify: The 3rd error message associated with transaction "open_main_page" is "Error -26366: "Text=<title>Web Tours Navigation Bar</title>" not found for web_reg_find"	[MsgId: MMSG-16819]
Action.c(36): Notify: The 4th error message associated with transaction "open_main_page" is "Error -26374: The above "not found" error(s) may be explained by header and body byte counts being 0 and 0, respectively."	[MsgId: MMSG-16819]
Action.c(36): Notify: Transaction "UC_02_buy_ticket" ended with a "Fail" status (Duration: 2,0510 Wasted Time: 0,0002).	[MsgId: MMSG-16871]
Action.c(36): Notify: Transaction "UC_02_buy_ticket" has 4 error message(s).	[MsgId: MMSG-16818]
Action.c(36): Notify: The 1st error message associated with transaction "UC_02_buy_ticket" is "Error -27792: Failed to connect to server "127.0.0.1:8090": [10061] Connection refused"	[MsgId: MMSG-16819]
Action.c(36): Notify: The 2nd error message associated with transaction "UC_02_buy_ticket" is "Error -26377: No match found for the requested parameter "SID". Either the specified boundaries were not found in the response or the matched text is longer than current max html parameter size of 256 bytes. The total length of the response is 0 bytes. You can use "web_set_max_html_param_len" to increase the max parameter size."	[MsgId: MMSG-16819]
Action.c(36): Notify: The 3rd error message associated with transaction "UC_02_buy_ticket" is "Error -26366: "Text=<title>Web Tours Navigation Bar</title>" not found for web_reg_find"	[MsgId: MMSG-16819]
Action.c(36): Notify: The 4th error message associated with transaction "UC_02_buy_ticket" is "Error -26374: The above "not found" error(s) may be explained by header and body byte counts being 0 and 0, respectively."	[MsgId: MMSG-16819]
Ending action Action.	[MsgId: MMSG-15918]
Ending iteration 6.	[MsgId: MMSG-15965]
Waiting 17,9490 seconds for iteration pacing.	[MsgId: MMSG-15996]
Starting iteration 3.	[MsgId: MMSG-15968]
Action.c(36): Resetting all proxy auto-configuration information  	[MsgId: MMSG-26000]
Notify: Next row for parameter firstName = 3 [table  = firstName].	[MsgId: MMSG-13876]
Notify: Getting new value for parameter 'firstName': table = '..\data_pool\users.dat' column = '2' row = '3'.	[MsgId: MMSG-13877]
Notify: Next row for parameter address1 = 3 [table  = address1].	[MsgId: MMSG-13876]
Notify: Getting new value for parameter 'address1': table = '..\data_pool\users.dat' column = '4' row = '3'.	[MsgId: MMSG-13877]
Notify: Next row for parameter creditCard = 3 [table  = creditCard].	[MsgId: MMSG-13876]
Notify: Getting new value for parameter 'creditCard': table = '..\data_pool\users.dat' column = '6' row = '3'.	[MsgId: MMSG-13877]
Notify: Next row for parameter address2 = 3 [table  = address2].	[MsgId: MMSG-13876]
Notify: Getting new value for parameter 'address2': table = '..\data_pool\users.dat' column = '5' row = '3'.	[MsgId: MMSG-13877]
Notify: Next row for parameter seatPref = 2 [table  = seatPref].	[MsgId: MMSG-13876]
Notify: Getting new value for parameter 'seatPref': table = '..\data_pool\seat_pref.dat' column = '0' row = '2'.	[MsgId: MMSG-13877]
Notify: Next row for parameter expDate = 3 [table  = expDate].	[MsgId: MMSG-13876]
Notify: Getting new value for parameter 'expDate': table = '..\data_pool\users.dat' column = '7' row = '3'.	[MsgId: MMSG-13877]
Notify: Next row for parameter seatType = 1 [table  = seatType].	[MsgId: MMSG-13876]
Notify: Getting new value for parameter 'seatType': table = '..\data_pool\seat_type.dat' column = '0' row = '1'.	[MsgId: MMSG-13877]
Notify: Next row for parameter login = 3 [table  = login].	[MsgId: MMSG-13876]
Notify: Getting new value for parameter 'login': table = '..\data_pool\users.dat' column = '0' row = '3'.	[MsgId: MMSG-13877]
Notify: Next row for parameter password = 3 [table  = password].	[MsgId: MMSG-13876]
Notify: Getting new value for parameter 'password': table = '..\data_pool\users.dat' column = '1' row = '3'.	[MsgId: MMSG-13877]
Notify: Next row for parameter lastName = 3 [table  = lastName].	[MsgId: MMSG-13876]
Notify: Getting new value for parameter 'lastName': table = '..\data_pool\users.dat' column = '3' row = '3'.	[MsgId: MMSG-13877]
Starting action Action.	[MsgId: MMSG-15919]
Action.c(3): Notify: Transaction "UC_02_buy_ticket" started.	[MsgId: MMSG-16999]
Action.c(6): Notify: Transaction "open_main_page" started.	[MsgId: MMSG-16999]
Action.c(8): web_add_auto_header("Sec-Fetch-Dest") started  	[MsgId: MMSG-26355]
Action.c(8): An unrecognized header ("Sec-Fetch-Dest") is being added  	[MsgId: MMSG-26595]
Action.c(8): "Sec-Fetch-Dest: frame" header registered for adding to requests from all following Action functions  	[MsgId: MMSG-26505]
Action.c(8): web_add_auto_header("Sec-Fetch-Dest") was successful  	[MsgId: MMSG-26392]
Action.c(11): web_add_auto_header("Sec-Fetch-Mode") started  	[MsgId: MMSG-26355]
Action.c(11): An unrecognized header ("Sec-Fetch-Mode") is being added  	[MsgId: MMSG-26595]
Action.c(11): "Sec-Fetch-Mode: navigate" header registered for adding to requests from all following Action functions  	[MsgId: MMSG-26505]
Action.c(11): web_add_auto_header("Sec-Fetch-Mode") was successful  	[MsgId: MMSG-26392]
Action.c(14): web_add_auto_header("Sec-Fetch-Site") started  	[MsgId: MMSG-26355]
Action.c(14): An unrecognized header ("Sec-Fetch-Site") is being added  	[MsgId: MMSG-26595]
Action.c(14): "Sec-Fetch-Site: same-origin" header registered for adding to requests from all following Action functions  	[MsgId: MMSG-26505]
Action.c(14): web_add_auto_header("Sec-Fetch-Site") was successful  	[MsgId: MMSG-26392]
Action.c(17): web_add_auto_header("Upgrade-Insecure-Requests") started  	[MsgId: MMSG-26355]
Action.c(17): An unrecognized header ("Upgrade-Insecure-Requests") is being added  	[MsgId: MMSG-26595]
Action.c(17): "Upgrade-Insecure-Requests: 1" header registered for adding to requests from all following Action functions  	[MsgId: MMSG-26505]
Action.c(17): web_add_auto_header("Upgrade-Insecure-Requests") was successful  	[MsgId: MMSG-26392]
Action.c(21): web_reg_save_param_regexp started  	[MsgId: MMSG-26355]
Action.c(21): Registering web_reg_save_param_regexp was successful  	[MsgId: MMSG-26390]
Action.c(30): web_reg_save_param started  	[MsgId: MMSG-26355]
Action.c(30): Registering web_reg_save_param was successful  	[MsgId: MMSG-26390]
Action.c(35): web_reg_find started  	[MsgId: MMSG-26355]
Action.c(35): Registering web_reg_find was successful  	[MsgId: MMSG-26390]
Action.c(36): web_url("welcome.pl") started  	[MsgId: MMSG-26355]
Action.c(36): t=127183ms: Connecting [0] to host 127.0.0.1:8090  	[MsgId: MMSG-26000]
Starting iteration 7.	[MsgId: MMSG-15968]
Action.c(36): Resetting all proxy auto-configuration information  	[MsgId: MMSG-26000]
Notify: Next row for parameter firstName = 7 [table  = firstName].	[MsgId: MMSG-13876]
Notify: Getting new value for parameter 'firstName': table = '..\data_pool\users.dat' column = '2' row = '7'.	[MsgId: MMSG-13877]
Notify: Next row for parameter address1 = 7 [table  = address1].	[MsgId: MMSG-13876]
Notify: Getting new value for parameter 'address1': table = '..\data_pool\users.dat' column = '4' row = '7'.	[MsgId: MMSG-13877]
Notify: Next row for parameter creditCard = 7 [table  = creditCard].	[MsgId: MMSG-13876]
Notify: Getting new value for parameter 'creditCard': table = '..\data_pool\users.dat' column = '6' row = '7'.	[MsgId: MMSG-13877]
Notify: Next row for parameter address2 = 7 [table  = address2].	[MsgId: MMSG-13876]
Notify: Getting new value for parameter 'address2': table = '..\data_pool\users.dat' column = '5' row = '7'.	[MsgId: MMSG-13877]
Notify: Next row for parameter seatPref = 3 [table  = seatPref].	[MsgId: MMSG-13876]
Notify: Getting new value for parameter 'seatPref': table = '..\data_pool\seat_pref.dat' column = '0' row = '3'.	[MsgId: MMSG-13877]
Notify: Next row for parameter expDate = 7 [table  = expDate].	[MsgId: MMSG-13876]
Notify: Getting new value for parameter 'expDate': table = '..\data_pool\users.dat' column = '7' row = '7'.	[MsgId: MMSG-13877]
Notify: Next row for parameter seatType = 2 [table  = seatType].	[MsgId: MMSG-13876]
Notify: Getting new value for parameter 'seatType': table = '..\data_pool\seat_type.dat' column = '0' row = '2'.	[MsgId: MMSG-13877]
Notify: Next row for parameter login = 7 [table  = login].	[MsgId: MMSG-13876]
Notify: Getting new value for parameter 'login': table = '..\data_pool\users.dat' column = '0' row = '7'.	[MsgId: MMSG-13877]
Notify: Next row for parameter password = 7 [table  = password].	[MsgId: MMSG-13876]
Notify: Getting new value for parameter 'password': table = '..\data_pool\users.dat' column = '1' row = '7'.	[MsgId: MMSG-13877]
Notify: Next row for parameter lastName = 7 [table  = lastName].	[MsgId: MMSG-13876]
Notify: Getting new value for parameter 'lastName': table = '..\data_pool\users.dat' column = '3' row = '7'.	[MsgId: MMSG-13877]
Starting action Action.	[MsgId: MMSG-15919]
Action.c(3): Notify: Transaction "UC_02_buy_ticket" started.	[MsgId: MMSG-16999]
Action.c(6): Notify: Transaction "open_main_page" started.	[MsgId: MMSG-16999]
Action.c(8): web_add_auto_header("Sec-Fetch-Dest") started  	[MsgId: MMSG-26355]
Action.c(8): An unrecognized header ("Sec-Fetch-Dest") is being added  	[MsgId: MMSG-26595]
Action.c(8): "Sec-Fetch-Dest: frame" header registered for adding to requests from all following Action functions  	[MsgId: MMSG-26505]
Action.c(8): web_add_auto_header("Sec-Fetch-Dest") was successful  	[MsgId: MMSG-26392]
Action.c(11): web_add_auto_header("Sec-Fetch-Mode") started  	[MsgId: MMSG-26355]
Action.c(11): An unrecognized header ("Sec-Fetch-Mode") is being added  	[MsgId: MMSG-26595]
Action.c(11): "Sec-Fetch-Mode: navigate" header registered for adding to requests from all following Action functions  	[MsgId: MMSG-26505]
Action.c(11): web_add_auto_header("Sec-Fetch-Mode") was successful  	[MsgId: MMSG-26392]
Action.c(14): web_add_auto_header("Sec-Fetch-Site") started  	[MsgId: MMSG-26355]
Action.c(14): An unrecognized header ("Sec-Fetch-Site") is being added  	[MsgId: MMSG-26595]
Action.c(14): "Sec-Fetch-Site: same-origin" header registered for adding to requests from all following Action functions  	[MsgId: MMSG-26505]
Action.c(14): web_add_auto_header("Sec-Fetch-Site") was successful  	[MsgId: MMSG-26392]
Action.c(17): web_add_auto_header("Upgrade-Insecure-Requests") started  	[MsgId: MMSG-26355]
Action.c(17): An unrecognized header ("Upgrade-Insecure-Requests") is being added  	[MsgId: MMSG-26595]
Action.c(17): "Upgrade-Insecure-Requests: 1" header registered for adding to requests from all following Action functions  	[MsgId: MMSG-26505]
Action.c(17): web_add_auto_header("Upgrade-Insecure-Requests") was successful  	[MsgId: MMSG-26392]
Action.c(21): web_reg_save_param_regexp started  	[MsgId: MMSG-26355]
Action.c(21): Registering web_reg_save_param_regexp was successful  	[MsgId: MMSG-26390]
Action.c(30): web_reg_save_param started  	[MsgId: MMSG-26355]
Action.c(30): Registering web_reg_save_param was successful  	[MsgId: MMSG-26390]
Action.c(35): web_reg_find started  	[MsgId: MMSG-26355]
Action.c(35): Registering web_reg_find was successful  	[MsgId: MMSG-26390]
Action.c(36): web_url("welcome.pl") started  	[MsgId: MMSG-26355]
Action.c(36): t=128966ms: Connecting [0] to host 127.0.0.1:8090  	[MsgId: MMSG-26000]
Action.c(36): Error -27792: Failed to connect to server "127.0.0.1:8090": [10061] Connection refused  	[MsgId: MERR-27792]
Action.c(36): t=129226ms: Closed connection [0] to 127.0.0.1:8090 after completing 0 request(s)  	[MsgId: MMSG-26000]
Action.c(36): Search registration for "userSession" parameter is filtered by "Request URL"  	[MsgId: MMSG-26000]
Action.c(36): Notify: Saving Parameter "userSession = ".	[MsgId: MMSG-13798]
Action.c(36): Error -35049: No match found for the requested parameter "userSession". Check whether the requested regular expression exists in the response data  	[MsgId: MERR-35049]
Action.c(36): Error -26377: No match found for the requested parameter "SID". Either the specified boundaries were not found in the response or the matched text is longer than current max html parameter size of 256 bytes. The total length of the response is 0 bytes. You can use "web_set_max_html_param_len" to increase the max parameter size.  	[MsgId: MERR-26377]
Action.c(36): Notify: Saving Parameter "SID = ".	[MsgId: MMSG-13798]
Action.c(36): Error -26366: "Text=<title>Web Tours Navigation Bar</title>" not found for web_reg_find  	[MsgId: MERR-26366]
Action.c(36): Error -26374: The above "not found" error(s) may be explained by header and body byte counts being 0 and 0, respectively.  	[MsgId: MERR-26374]
Action.c(36): web_url("welcome.pl") highest severity level was "ERROR", 0 body bytes, 0 header bytes  	[MsgId: MMSG-26388]
Action.c(36): Notify: Transaction "open_main_page" ended with a "Fail" status (Duration: 2,0452 Wasted Time: 0,0001).	[MsgId: MMSG-16871]
Action.c(36): Notify: Transaction "open_main_page" has 4 error message(s).	[MsgId: MMSG-16818]
Action.c(36): Notify: The 1st error message associated with transaction "open_main_page" is "Error -27792: Failed to connect to server "127.0.0.1:8090": [10061] Connection refused"	[MsgId: MMSG-16819]
Action.c(36): Notify: The 2nd error message associated with transaction "open_main_page" is "Error -26377: No match found for the requested parameter "SID". Either the specified boundaries were not found in the response or the matched text is longer than current max html parameter size of 256 bytes. The total length of the response is 0 bytes. You can use "web_set_max_html_param_len" to increase the max parameter size."	[MsgId: MMSG-16819]
Action.c(36): Notify: The 3rd error message associated with transaction "open_main_page" is "Error -26366: "Text=<title>Web Tours Navigation Bar</title>" not found for web_reg_find"	[MsgId: MMSG-16819]
Action.c(36): Notify: The 4th error message associated with transaction "open_main_page" is "Error -26374: The above "not found" error(s) may be explained by header and body byte counts being 0 and 0, respectively."	[MsgId: MMSG-16819]
Action.c(36): Notify: Transaction "UC_02_buy_ticket" ended with a "Fail" status (Duration: 2,0452 Wasted Time: 0,0001).	[MsgId: MMSG-16871]
Action.c(36): Notify: Transaction "UC_02_buy_ticket" has 4 error message(s).	[MsgId: MMSG-16818]
Action.c(36): Notify: The 1st error message associated with transaction "UC_02_buy_ticket" is "Error -27792: Failed to connect to server "127.0.0.1:8090": [10061] Connection refused"	[MsgId: MMSG-16819]
Action.c(36): Notify: The 2nd error message associated with transaction "UC_02_buy_ticket" is "Error -26377: No match found for the requested parameter "SID". Either the specified boundaries were not found in the response or the matched text is longer than current max html parameter size of 256 bytes. The total length of the response is 0 bytes. You can use "web_set_max_html_param_len" to increase the max parameter size."	[MsgId: MMSG-16819]
Action.c(36): Notify: The 3rd error message associated with transaction "UC_02_buy_ticket" is "Error -26366: "Text=<title>Web Tours Navigation Bar</title>" not found for web_reg_find"	[MsgId: MMSG-16819]
Action.c(36): Notify: The 4th error message associated with transaction "UC_02_buy_ticket" is "Error -26374: The above "not found" error(s) may be explained by header and body byte counts being 0 and 0, respectively."	[MsgId: MMSG-16819]
Ending action Action.	[MsgId: MMSG-15918]
Ending iteration 3.	[MsgId: MMSG-15965]
Waiting 17,9520 seconds for iteration pacing.	[MsgId: MMSG-15996]
Action.c(36): Error -27792: Failed to connect to server "127.0.0.1:8090": [10061] Connection refused  	[MsgId: MERR-27792]
Action.c(36): t=131007ms: Closed connection [0] to 127.0.0.1:8090 after completing 0 request(s)  	[MsgId: MMSG-26000]
Action.c(36): Search registration for "userSession" parameter is filtered by "Request URL"  	[MsgId: MMSG-26000]
Action.c(36): Notify: Saving Parameter "userSession = ".	[MsgId: MMSG-13798]
Action.c(36): Error -35049: No match found for the requested parameter "userSession". Check whether the requested regular expression exists in the response data  	[MsgId: MERR-35049]
Action.c(36): Error -26377: No match found for the requested parameter "SID". Either the specified boundaries were not found in the response or the matched text is longer than current max html parameter size of 256 bytes. The total length of the response is 0 bytes. You can use "web_set_max_html_param_len" to increase the max parameter size.  	[MsgId: MERR-26377]
Action.c(36): Notify: Saving Parameter "SID = ".	[MsgId: MMSG-13798]
Action.c(36): Error -26366: "Text=<title>Web Tours Navigation Bar</title>" not found for web_reg_find  	[MsgId: MERR-26366]
Action.c(36): Error -26374: The above "not found" error(s) may be explained by header and body byte counts being 0 and 0, respectively.  	[MsgId: MERR-26374]
Action.c(36): web_url("welcome.pl") highest severity level was "ERROR", 0 body bytes, 0 header bytes  	[MsgId: MMSG-26388]
Action.c(36): Notify: Transaction "open_main_page" ended with a "Fail" status (Duration: 2,0425 Wasted Time: 0,0002).	[MsgId: MMSG-16871]
Action.c(36): Notify: Transaction "open_main_page" has 4 error message(s).	[MsgId: MMSG-16818]
Action.c(36): Notify: The 1st error message associated with transaction "open_main_page" is "Error -27792: Failed to connect to server "127.0.0.1:8090": [10061] Connection refused"	[MsgId: MMSG-16819]
Action.c(36): Notify: The 2nd error message associated with transaction "open_main_page" is "Error -26377: No match found for the requested parameter "SID". Either the specified boundaries were not found in the response or the matched text is longer than current max html parameter size of 256 bytes. The total length of the response is 0 bytes. You can use "web_set_max_html_param_len" to increase the max parameter size."	[MsgId: MMSG-16819]
Action.c(36): Notify: The 3rd error message associated with transaction "open_main_page" is "Error -26366: "Text=<title>Web Tours Navigation Bar</title>" not found for web_reg_find"	[MsgId: MMSG-16819]
Action.c(36): Notify: The 4th error message associated with transaction "open_main_page" is "Error -26374: The above "not found" error(s) may be explained by header and body byte counts being 0 and 0, respectively."	[MsgId: MMSG-16819]
Action.c(36): Notify: Transaction "UC_02_buy_ticket" ended with a "Fail" status (Duration: 2,0425 Wasted Time: 0,0002).	[MsgId: MMSG-16871]
Action.c(36): Notify: Transaction "UC_02_buy_ticket" has 4 error message(s).	[MsgId: MMSG-16818]
Action.c(36): Notify: The 1st error message associated with transaction "UC_02_buy_ticket" is "Error -27792: Failed to connect to server "127.0.0.1:8090": [10061] Connection refused"	[MsgId: MMSG-16819]
Action.c(36): Notify: The 2nd error message associated with transaction "UC_02_buy_ticket" is "Error -26377: No match found for the requested parameter "SID". Either the specified boundaries were not found in the response or the matched text is longer than current max html parameter size of 256 bytes. The total length of the response is 0 bytes. You can use "web_set_max_html_param_len" to increase the max parameter size."	[MsgId: MMSG-16819]
Action.c(36): Notify: The 3rd error message associated with transaction "UC_02_buy_ticket" is "Error -26366: "Text=<title>Web Tours Navigation Bar</title>" not found for web_reg_find"	[MsgId: MMSG-16819]
Action.c(36): Notify: The 4th error message associated with transaction "UC_02_buy_ticket" is "Error -26374: The above "not found" error(s) may be explained by header and body byte counts being 0 and 0, respectively."	[MsgId: MMSG-16819]
Ending action Action.	[MsgId: MMSG-15918]
Ending iteration 7.	[MsgId: MMSG-15965]
Waiting 17,9560 seconds for iteration pacing.	[MsgId: MMSG-15996]
Action was aborted.	[MsgId: MMSG-10694]
Ending Vuser...	[MsgId: MMSG-15966]
Starting action vuser_end.	[MsgId: MMSG-15919]
Action was aborted.	[MsgId: MMSG-10694]
Ending Vuser...	[MsgId: MMSG-15966]
Starting action vuser_end.	[MsgId: MMSG-15919]
Ending action vuser_end.	[MsgId: MMSG-15918]
Vuser Terminated.	[MsgId: MMSG-15963]
Ending action vuser_end.	[MsgId: MMSG-15918]
Vuser Terminated.	[MsgId: MMSG-15963]
HTML-Mode memory management statistics: Reusable=0, NonReusable=0, CsMemBlockSize=4096, checks disabled  	[MsgId: MMSG-26000]
Vuser 2 (thread 54060), ended OK."	[MsgId: MMSG-10695]
HTML-Mode memory management statistics: Reusable=0, NonReusable=0, CsMemBlockSize=4096, checks disabled  	[MsgId: MMSG-26000]
Vuser 3 (thread 47840), ended OK."	[MsgId: MMSG-10695]
Action was aborted.	[MsgId: MMSG-10694]
Action was aborted.	[MsgId: MMSG-10694]
Ending Vuser...	[MsgId: MMSG-15966]
Ending Vuser...	[MsgId: MMSG-15966]
Starting action vuser_end.	[MsgId: MMSG-15919]
Starting action vuser_end.	[MsgId: MMSG-15919]
Ending action vuser_end.	[MsgId: MMSG-15918]
Ending action vuser_end.	[MsgId: MMSG-15918]
Vuser Terminated.	[MsgId: MMSG-15963]
Vuser Terminated.	[MsgId: MMSG-15963]
HTML-Mode memory management statistics: Reusable=0, NonReusable=0, CsMemBlockSize=4096, checks disabled  	[MsgId: MMSG-26000]
Vuser 1 (thread 11412), ended OK."	[MsgId: MMSG-10695]
HTML-Mode memory management statistics: Reusable=0, NonReusable=0, CsMemBlockSize=4096, checks disabled  	[MsgId: MMSG-26000]
Vuser 0 (thread 22420), ended OK."	[MsgId: MMSG-10695]
